         w __deregister_frame_info
         w __register_frame_info
         w userAppExit
         w userAppInit
00000000 b .LANCHOR0
00000000 A __sync_synchronize
00000000 b _TLS_MODULE_BASE_
00000000 a shift
00000000 a shift
00000000 00000004 b stbi__g_failure_reason
00000004 00000004 b stbi__vertically_flip_on_load_local
00000008 00000004 b stbi__vertically_flip_on_load_set
0000000c 00000004 b stbi__de_iphone_flag_set
00000010 00000004 b stbi__de_iphone_flag_local
00000014 00000004 b stbi__unpremultiply_on_load_set
00000018 00000004 b stbi__unpremultiply_on_load_local
0000001c 00000802 B __ctru_dev_utf16_buf
00000820 00000401 B __ctru_dev_path_buf
00100000 A __start__
00100000 T _start
00100008 T __service_ptr
0010000c T __apt_appid
00100010 T __heap_size
00100014 T __linear_heap_size
00100018 T __system_arglist
0010001c T __system_runflags
00100020 t startup
00100058 t ClearMem
0010006c t ClrLoop
00100094 T _init
001000ac t .udivsi3_skip_div0_test
001000ac T __aeabi_uidiv
001000ac 000001ec T __udivsi3
00100298 00000020 T __aeabi_uidivmod
001002b8 T __aeabi_idiv
001002b8 00000220 T __divsi3
001002c0 t .divsi3_skip_div0_test
001004d8 00000020 T __aeabi_idivmod
001004f8 00000004 W __aeabi_idiv0
001004f8 00000004 W __aeabi_ldiv0
001004fc T __aeabi_drsub
00100504 000002b0 T __aeabi_dsub
00100504 000002b0 T __subdf3
00100508 000002ac T __adddf3
00100508 000002ac T __aeabi_dadd
001007b4 00000024 T __aeabi_ui2d
001007b4 00000024 T __floatunsidf
001007d8 00000028 T __aeabi_i2d
001007d8 00000028 T __floatsidf
00100800 00000048 T __aeabi_f2d
00100800 00000048 T __extendsfdf2
00100848 00000074 T __aeabi_ul2d
00100848 00000074 T __floatundidf
0010085c 00000060 T __aeabi_l2d
0010085c 00000060 T __floatdidf
001008bc T __aeabi_ldivmod
00100990 T __aeabi_uldivmod
001009e8 00000390 T strcmp
00100d70 t __do_global_dtors_aux
00100dc0 t frame_dummy
00100dec 00000098 T app_init
00100e84 00000044 T app_fini
00100ec8 00000044 T app_tick
00100f0c 0000011c T app_transition
00101028 00000074 T app_save_config
0010109c 00000248 T config_load
001012e4 000000e8 T config_save
001013cc 000001a0 T cover_cache_read
0010156c 00000204 T cover_cache_write
00101770 000000f4 t derive_key
00101864 0000028c T cred_encrypt_password
00101af0 000001ec T cred_decrypt_password
00101cdc 0000009c t draw_line.part.0
00101d78 00000040 T dlog_fini
00101db8 000000d8 T dlog
00101e90 000000d0 T dlog_init
00101f60 000003e0 T dlog_overlay_tick
00102340 00000064 t is_remote_or_data_url
001023a4 000000e0 t extract_attr
00102484 000001f0 t path_resolve.constprop.0
00102674 000000d0 t looks_like_local_image_path
00102744 00000114 t uri_decode_inplace
00102858 000000a4 T epub_reader_close
001028fc 00000010 T epub_reader_is_open
0010290c 000008c0 T epub_reader_open_chapter
001031cc 00000df0 T epub_reader_get_page_payload
00103fbc 000000b4 t istrstr
00104070 0000002c t tls_recv
0010409c 0000001c t tls_send
001040b8 000000b0 t conn_send_all
00104168 00000c24 t do_request
00104d8c 0000002c T http_get
00104db8 0000002c T http_get_binary
00104de4 0000002c T http_post_json
00104e10 0000002c T http_response_free
00104e3c 000000ac t stbi__mad3sizes_valid
00104ee8 00000064 t stbi__refill_buffer
00104f4c 00000424 t stbi__idct_block
00105370 00000008 t resample_row_1
00105378 0000004c t stbi__resample_row_v_2
001053c4 000000a8 t stbi__resample_row_hv_2
0010546c 00000074 t stbi__resample_row_generic
001054e0 000000e8 t stbi__YCbCr_to_RGB_row
001055c8 0000006c t stbi__bitreverse16
00105634 0000005c t stbi__fill_bits
00105690 00000154 t stbi__zhuffman_decode
001057e4 00000114 t stbi__out_gif_code
001058f8 000001b0 t stbi__build_huffman
00105aa8 000000d0 t stbi__zexpand
00105b78 000000b4 t stbi__vertical_flip
00105c2c 000000e8 t stbi__resample_row_h_2
00105d14 000000a8 t stbi__create_png_alpha_expand8
00105dbc 0000008c t stbi__free_jpeg_components.constprop.0
00105e48 000001e0 t stbi__zbuild_huffman
00106028 0000007c t stbi__malloc_mad2
001060a4 00000058 t stbi__skip
001060fc 000000b4 t stbi__malloc_mad3
001061b0 00000844 t stbi__convert_format
001069f4 00000828 t stbi__create_png_image_raw
0010721c 000000fc t stbi__gif_parse_colortable
00107318 000002d4 t stbi__compute_huffman_codes
001075ec 000005e0 t stbi__parse_zlib
00107bcc 000000c0 t stbi__get16be
00107c8c 000000bc t stbi__get16le
00107d48 0000018c t stbi__get32be
00107ed4 000000f4 t stbi__get_marker
00107fc8 00000100 t stbi__grow_buffer_unsafe
001080c8 00000090 t stbi__extend_receive
00108158 00000164 t stbi__jpeg_huff_decode
001082bc 000002c8 t stbi__jpeg_decode_block
00108584 0000024c t stbi__jpeg_decode_block_prog_dc
001087d0 000001b8 t stbi__gif_test_raw
00108988 0000041c t stbi__gif_header
00108da4 00000b4c t stbi__gif_load_next.isra.0
001098f0 000000d8 t stbi__gif_load.isra.0
001099c8 000007f0 t stbi__process_marker
0010a1b8 00000914 t stbi__decode_jpeg_header
0010aacc 000000a0 T stbi_zlib_decode_malloc_guesssize_headerflag
0010ab6c 00001310 t stbi__parse_png_file
0010be7c 00002a64 t stbi__load_main.isra.0
0010e8e0 00000168 t stbi__load_and_postprocess_8bit
0010ea48 00000660 T image_prepare_from_mem
0010f0a8 00000168 T image_upload_prepared
0010f210 0000004c T image_prepared_free
0010f25c 00000038 T image_texture_free
0010f294 000000a4 T image_fit_dims
0010f338 000000ac t copy_api_key_from_auth_keys_array
0010f3e4 00000534 T kavita_login
0010f918 0000017c T kavita_get_libraries
0010fa98 000003f4 T kavita_get_series
0010fe90 00000944 T kavita_get_series_detail
001107d4 00000110 T kavita_save_progress
001108e4 00000048 T kavita_cover_url
0011092c 00000048 T kavita_volume_cover_url
00110974 00000048 T kavita_chapter_cover_url
001109bc 00000030 T kavita_chapter_download_url
001109ec 00000048 T kavita_page_url
00110a34 000000f4 T kavita_get_chapter_info_pages
00110b28 0000012c T main
00110c54 00000040 t detail_thread
00110c94 00000294 t cover_worker
00110f28 0000010c t detail_format_chapter_label
00111034 00000244 t detail_start_cover_load
00111278 000000dc T screen_detail_init
00111354 000000d8 T screen_detail_fini
0011142c 00000ea0 T screen_detail_tick
001122cc 0000003c t fetch_thread
00112308 00000060 T screen_libraries_init
00112368 00000038 T screen_libraries_fini
001123a0 00000748 T screen_libraries_tick
00112ae8 00000094 t spread_side_ready
00112b7c 00000060 t reader_epub_dual_column
00112bdc 00000070 t reader_epub_line_step
00112c4c 000000a0 t epub_lines_on_spread_from
00112cec 000000c0 t epub_line_table_push
00112dac 000002fc t fetch_page_thread
001130a8 0000006c t progress_thread
00113114 00000084 t start_fetch
00113198 0000006c t discard_pending_page.part.0
00113204 000000c0 t reader_epub_draw_line_at.part.0.constprop.0
001132c4 000000c0 t reader_epub_flush_line.part.0.constprop.0
00113384 000000c4 t clamp_pan_y.constprop.0
00113448 000000c8 t clamp_pan_x.constprop.0
00113510 000000b8 t reader_text_centered_z.constprop.0
001135c8 00000108 t reader_spinner_draw.constprop.0
001136d0 00000104 t draw_portrait_page_zoom.part.0.constprop.0
001137d4 00000248 t reader_epub_text_layout.constprop.0
00113a1c 000000f8 t fire_save_progress
00113b14 000000ac t can_advance_spread
00113bc0 000000a0 t spread_free
00113c60 000000b0 t spread_move_into
00113d10 00000344 t epub_rebuild_wrapped_lines.constprop.0
00114054 00000078 t reader_epub_maybe_rebuild_lines
001140cc 000000bc t curr_spread_complete
00114188 000001ac t next_spread_ready
00114334 00000280 t try_start_fetch.part.0
001145b4 00000114 T screen_reader_init
001146c8 00000120 T screen_reader_fini
001147e8 000018e4 T screen_reader_tick
001160cc 000000d4 t series_sync_scroll
001161a0 000000dc t list_thread
0011627c 000001cc t cover_fetch_thread
00116448 00000238 t kick_cover_worker.part.0
00116680 000000ec T screen_series_init
0011676c 000000f8 T screen_series_fini
00116864 00000c50 T screen_series_tick
001174b4 00000004 T screen_settings_init
001174b8 00000004 T screen_settings_fini
001174bc 00000278 T screen_settings_tick
00117734 00000058 t login_thread
0011778c 000000f0 t prompt_text.constprop.0
0011787c 00000050 T screen_setup_init
001178cc 0000004c T screen_setup_fini
00117918 00000698 T screen_setup_tick
00117fb0 0000002c T ui_spinner_tick
00117fdc 00000070 T ui_rect
0011804c 000000b0 T ui_text
001180fc 000000d4 T ui_text_centered
001181d0 0000014c T ui_text_truncated
0011831c 000002c8 T ui_labeled_button
001185e4 00000120 T ui_spinner
00118704 000000d8 T ui_progress_bar
001187dc 000000a4 T ui_touched
00118880 00000020 t exists_cb
001188a0 00000090 t suf_cb
00118930 000000e4 t cd_next_record.constprop.0.isra.0
00118a14 000000b4 t zip_walk
00118ac8 00000120 T zip_open
00118be8 00000004 T zip_close
00118bec 00000030 T zip_exists_ci
00118c1c 00000054 T zip_find_suffix_ci
00118c70 00000268 T zip_read_file
00118ed8 00000070 t parse_hex4
00118f48 000003a4 t parse_string
001192ec 0000006c t buffer_skip_whitespace
00119358 00000138 t ensure
00119490 00000220 t print_string_ptr
001196b0 000000e4 t get_object_item
00119798 00000684 t print_value
00119e1c 0000014c t print.constprop.0
00119f68 000000f8 t add_item_to_object.constprop.0
0011a060 000000ac T cJSON_Delete
0011a110 00000548 t parse_value
0011a658 000001dc T cJSON_ParseWithLengthOpts
0011a834 0000002c T cJSON_Parse
0011a860 00000008 T cJSON_PrintUnformatted
0011a868 00000034 T cJSON_GetArraySize
0011a89c 00000050 T cJSON_GetArrayItem
0011a8ec 00000008 T cJSON_GetObjectItemCaseSensitive
0011a8f4 0000005c T cJSON_AddItemToArray
0011a950 00000090 T cJSON_AddBoolToObject
0011a9e0 000000e4 T cJSON_AddNumberToObject
0011aac4 000000d4 T cJSON_AddStringToObject
0011ab98 00000084 T cJSON_AddObjectToObject
0011ac1c 00000084 T cJSON_AddArrayToObject
0011aca0 0000004c T cJSON_CreateObject
0011acec 00000018 T cJSON_IsTrue
0011ad04 00000018 T cJSON_IsBool
0011ad1c 00000018 T cJSON_IsNumber
0011ad34 00000018 T cJSON_IsString
0011ad4c 00000018 T cJSON_IsArray
0011ad64 00000044 t C2Di_FrameEndHook
0011ada8 00000368 T C2D_Init
0011b110 0000004c T C2D_Fini
0011b15c 000000bc T C2D_Prepare
0011b218 00000048 T C2D_Flush
0011b260 000000fc T C2D_SceneSize
0011b35c 00000034 T C2D_ViewSave
0011b390 0000004c T C2D_ViewRestore
0011b3dc 00000040 T C2D_ViewTranslate
0011b41c 00000038 T C2D_ViewRotate
0011b454 00000060 T C2D_CreateScreenTarget
0011b4b4 00000060 T C2D_TargetClear
0011b514 0000014c T C2Di_CalcQuad
0011b660 00000054 T C2Di_AppendQuad
0011b6b4 00000040 T C2Di_AppendVtx
0011b6f4 00000738 T C2Di_Update
0011be2c 000002e8 T C2D_DrawImage
0011c114 000001e0 T C2D_DrawLine
0011c2f4 00000168 T C2D_DrawRectangle
0011c45c 00000174 T C2D_DrawEllipse
0011c5d0 00000018 t C2Di_GlyphComp
0011c5e8 00000180 t C2Di_CalcLineWidths
0011c768 000001d0 T C2D_TextBufNew
0011c938 00000004 T C2D_TextBufDelete
0011c93c 0000000c T C2D_TextBufClear
0011c948 000001c4 T C2D_TextFontParseLine
0011cb0c 000000a4 T C2D_TextFontParse
0011cbb0 00000010 T C2D_TextParse
0011cbc0 00000030 T C2D_TextOptimize
0011cbf0 000000e8 T C2D_TextGetDimensions
0011ccd8 00000fdc T C2D_DrawText
0011dcb4 00000050 T C2D_FontGlyphIndexFromCodePoint
0011dd04 00000074 T C2D_FontCalcGlyphPos
0011dd78 00000028 T AttrInfo_Init
0011dda0 00000094 T AttrInfo_AddLoader
0011de34 00000054 T C3D_SetAttrInfo
0011de88 00000080 T C3Di_AttrInfoBind
0011df08 00000004 W C3Di_LightEnvUpdate
0011df0c 00000004 W C3Di_LightEnvDirty
0011df10 000000b4 t C3Di_AptEventHook
0011dfc4 00000004 W C3Di_GasUpdate
0011dfc8 000001d0 T C3D_Init
0011e198 00000098 T C3D_SetViewport
0011e230 0000004c T C3D_SetScissor
0011e27c 000004e8 T C3Di_UpdateContext
0011e764 000000e0 T C3Di_SplitFrame
0011e844 00000044 T C3D_Fini
0011e888 00000194 T C3D_BindProgram
0011ea1c 00000024 T BufInfo_Init
0011ea40 00000080 T BufInfo_Add
0011eac0 0000003c T C3D_SetBufInfo
0011eafc 00000048 T C3Di_BufInfoBind
0011eb44 0000021c T C3D_DrawElements
0011ed60 00000040 T C3D_DepthMap
0011eda0 0000001c T C3D_CullFace
0011edbc 00000040 T C3D_StencilTest
0011edfc 00000024 T C3D_StencilOp
0011ee20 0000001c T C3D_BlendingColor
0011ee3c 00000024 T C3D_EarlyDepthTest
0011ee60 0000002c T C3D_DepthTest
0011ee8c 0000002c T C3D_AlphaTest
0011eeb8 00000050 T C3D_AlphaBlend
0011ef08 00000030 T C3D_FragOpMode
0011ef38 00000044 T C3D_FragOpShadow
0011ef7c 000001ac T C3Di_EffectBind
0011f128 0000001c T C3D_CalcColorBufSize
0011f144 0000001c T C3D_CalcDepthBufSize
0011f160 00000044 T C3D_SetFrameBuf
0011f1a4 0000016c T C3Di_FrameBufBind
0011f310 000000c8 T C3D_FrameBufClear
0011f3d8 00000044 T C3D_FrameBufTransfer
0011f41c 000000a8 T C3D_ImmSendAttrib
0011f4c4 00000070 T C3D_ProcTexInit
0011f534 00000054 T C3D_ProcTexBind
0011f588 0000005c T C3D_ProcTexLutBind
0011f5e4 000000a4 T ProcTexLut_FromArray
0011f688 00000178 T C3Di_ProcTexUpdate
0011f800 00000068 T C3Di_ProcTexDirty
0011f868 0000004c t onVBlank0
0011f8b4 0000004c t onVBlank1
0011f900 00000080 t C3Di_RenderTargetDestroy
0011f980 000000f4 t onQueueFinish
0011fa74 00000038 T C3Di_RenderQueueEnableVBlank
0011faac 00000030 T C3Di_RenderQueueDisableVBlank
0011fadc 00000060 T C3Di_RenderQueueInit
0011fb3c 000000b4 T C3Di_RenderQueueExit
0011fbf0 00000034 T C3Di_RenderQueueWaitDone
0011fc24 000000e8 T C3D_FrameBegin
0011fd0c 00000048 T C3D_FrameDrawOn
0011fd54 00000058 T C3D_FrameSplit
0011fdac 000001d0 T C3D_FrameEnd
0011ff7c 0000001c T C3D_FrameEndHook
0011ff98 00000170 T C3D_RenderTargetCreate
00120108 000000a8 T C3D_RenderTargetSetOutput
001201b0 000000fc T C3D_SyncTextureCopy
001202ac 00000034 T C3D_GetTexEnv
001202e0 00000024 T C3Di_TexEnvBind
00120304 00000290 T C3D_TexInitWithParams
00120594 000000c8 T C3D_TexLoadImage
0012065c 00000044 T C3D_TexBind
001206a0 00000074 T C3D_TexDelete
00120714 0000014c T C3Di_SetTex
00120860 00000290 T C3D_UpdateUniforms
00120af0 000000c0 T C3Di_DirtyUniforms
00120bb0 000000d8 T C3Di_LoadShaderUniforms
00120c88 00000028 T C3Di_ClearShaderUniforms
00120cb0 000000cc T Mtx_Ortho
00120d7c 000000cc T Mtx_OrthoTilt
00120e48 000000a0 T Mtx_RotateZ
00120ee8 000000a4 T Mtx_Translate
00120f8c 00000024 t addrMapNodeComparator(rbtree_node const*, rbtree_node const*)
00120fb0 00000004 t addrMapNodeDestructor(rbtree_node*)
00120fb4 0000012c T linearMemAlign
001210e0 00000008 T linearAlloc
001210e8 0000005c T linearFree
00121144 00000088 T MemPool::CoalesceRight(MemBlock*)
001211cc 00000178 T MemPool::Allocate(MemChunk&, unsigned long, int)
00121344 00000118 T MemPool::Deallocate(MemChunk const&)
0012145c 00000030 T MemPool::GetFreeSpace()
0012148c 00000024 t addrMapNodeComparator(rbtree_node const*, rbtree_node const*)
001214b0 00000004 t addrMapNodeDestructor(rbtree_node*)
001214b4 00000248 T vramMemAlignAt
001216fc 0000000c T vramAlloc
00121708 0000000c T vramAllocAt
00121714 00000094 T vramFree
001217a8 0000009c T fontEnsureMapped
00121844 00000100 T fontGlyphIndexFromCodePoint
00121944 00000214 T fontCalcGlyphPos
00121b58 000000cc t gfxPresentFramebuffer
00121c24 00000014 T gfxSetWide
00121c38 0000001c T gfxIsWide
00121c54 000000f8 T gfxSetScreenFormat
00121d4c 000000d8 T gfxInit
00121e24 00000010 T gfxInitDefault
00121e34 000000b8 T gfxExit
00121eec 000000a0 T gfxGetFramebuffer
00121f8c 00000028 T gfxScreenSwapBuffers
00121fb4 00000074 T osConvertVirtToPhys
00122028 00000054 T osGetTimeRef
0012207c 000000ec T osGetTime
00122168 00000034 T __ctru_speedup_config
0012219c 00000008 t romfs_close
001221a4 000000ac t romfs_seek
00122250 00000024 t romfs_dirreset
00122274 000000c0 t fill_dir
00122334 000002ac t romfs_dirnext
001225e0 00000074 t romfs_free
00122654 000000d0 t searchForFile.constprop.0
00122724 000000d4 t searchForDir.constprop.0
001227f8 000001c0 t navigateToDir.constprop.0
001229b8 00000114 t romfs_open
00122acc 0000004c t romfs_chdir
00122b18 00000068 t romfs_diropen
00122b80 00000178 t romfs_stat
00122cf8 00000008 t romfs_dirclose
00122d00 0000007c t romfs_fstat
00122d7c 000000d0 t romfs_read
00122e4c 00000294 T romfsMountFromFile
001230e0 00000098 T romfsMountFromCurrentProcess
00123178 00000258 T romfsMountSelf
001233d0 000000a0 T romfsUnmount
00123470 0000000c T __sync_init
0012347c 00000018 T __sync_fini
00123494 00000028 T syncArbitrateAddress
001234bc 0000001c T LightLock_Init
001234d8 000000ac T LightLock_Lock
00123584 00000040 T LightLock_Unlock
001235c4 00000054 T RecursiveLock_Lock
00123618 00000054 T RecursiveLock_Unlock
0012366c 00000044 T LightEvent_Init
001236b0 000000b8 T LightEvent_Clear
00123768 000000dc T LightEvent_Signal
00123844 00000050 T LightEvent_TryWait
00123894 000000ac T LightEvent_Wait
00123940 000001fc T threadCreate
00123b3c 00000038 T threadFree
00123b74 00000024 T threadJoin
00123b98 00000030 T threadGetCurrent
00123bc8 00000040 T threadExit
00123c08 00000020 t _thread_begin
00123c28 0000013c T GPUCMD_Add
00123d64 000000b0 T GPUCMD_Split
00123e14 00000034 T f32tof16
00123e48 00000034 T f32tof24
00123e7c 00000038 T f32tof31
00123eb4 00000010 T GX_BindQueue
00123ec4 0000007c T GX_ProcessCommandList
00123f40 00000074 T GX_MemoryFill
00123fb4 00000074 T GX_DisplayTransfer
00124028 00000078 T GX_TextureCopy
001240a0 00000064 t gxCmdQueueDoCommands.part.0
00124104 000000e4 T gxCmdQueueInterrupt
001241e8 00000068 T gxCmdQueueClear
00124250 00000108 T gxCmdQueueAdd
00124358 00000080 T gxCmdQueueRun
001243d8 00000064 T gxCmdQueueStop
0012443c 000000ac T gxCmdQueueWait
001244e8 000001e0 T shaderInstanceInit
001246c8 00000018 T shaderInstanceGetUniformLocation
001246e0 0000001c T shaderProgramInit
001246fc 00000074 T shaderProgramFree
00124770 00000094 T shaderProgramSetVsh
00124804 000008d0 T shaderProgramConfigure
001250d4 000001dc t DVLE_GenerateOutmap.part.0
001252b0 000001ac T DVLB_ParseFile
0012545c 00000050 T DVLB_Free
001254ac 00000074 T DVLE_GetUniformRegister
00125520 00000090 T acInit
001255b0 0000003c T acExit
001255ec 00000180 t aptConvertScreenForCapture
0012576c 00000008 W aptDspSleep
00125774 00000004 W aptDspWakeup
00125778 00000004 W aptDspCancel
0012577c 00000138 T aptSendCommand
001258b8 00000044 t aptExitProcess
001258fc 00000394 T aptExit
00125c90 000000d8 T aptHandleSleep
00125d68 00000034 T aptHook
00125d9c 00000030 T aptUnhook
00125dcc 0000001c T aptSetMessageCallback
00125de8 00000084 T APT_SleepIfShellClosed
00125e6c 00000078 T aptSetSleepAllowed
00125ee4 00000084 T APT_UnlockTransition
00125f68 00000470 t aptEventHandler
001263d8 000000bc T APT_ReceiveParameter
00126494 000000b0 t aptReceiveParameter.constprop.0
00126548 00000294 t aptScreenTransfer
001267dc 000002d0 t aptWaitForWakeUp.isra.0
00126aac 00000114 T aptLaunchLibraryApplet
00126bc0 000000f4 T aptJumpToHomeMenu
00126cb4 00000058 T aptMainLoop
00126d0c 00000240 T aptInit
00126f4c 0000005c T APT_SendParameter
00126fa8 00000090 T APT_CheckNew3DS
00127038 00000048 T APT_GetSharedFont
00127080 000000a8 T cfguInit
00127128 0000003c T cfguExit
00127164 0000004c T CFGU_GetConfigInfoBlk2
001271b0 00000104 T fsInit
001272b4 0000003c T fsExit
001272f0 00000068 T fsExemptFromSession
00127358 00000050 T fsUnexemptFromSession
001273a8 000000cc T FSUSER_OpenFile
00127474 000000cc T FSUSER_OpenFileDirectly
00127540 000000b8 T FSUSER_DeleteFile
001275f8 000000f4 T FSUSER_RenameFile
001276ec 000000b8 T FSUSER_DeleteDirectory
001277a4 000000d0 T FSUSER_CreateFile
00127874 000000c0 T FSUSER_CreateDirectory
00127934 000000f4 T FSUSER_RenameDirectory
00127a28 000000b4 T FSUSER_OpenDirectory
00127adc 00000090 T FSUSER_OpenArchive
00127b6c 0000008c T FSUSER_CloseArchive
00127bf8 00000074 T FSUSER_GetSdmcArchiveResource
00127c6c 00000064 T FSUSER_IsSdmcWritable
00127cd0 00000064 T FSFILE_Read
00127d34 0000006c T FSFILE_Write
00127da0 00000044 T FSFILE_GetSize
00127de4 00000028 T FSFILE_SetSize
00127e0c 0000003c T FSFILE_Close
00127e48 00000024 T FSFILE_Flush
00127e6c 00000060 T FSDIR_Read
00127ecc 0000003c T FSDIR_Close
00127f08 00000c70 t gspHardwareInit
00128b78 00000288 T gspInit
00128e00 00000104 T gspExit
00128f04 00000010 T gspHasGpuRight
00128f14 000000a4 T gspPresentBuffer
00128fb8 00000030 T gspSetEventCallback
00128fe8 00000050 T gspWaitForEvent
00129038 0000004c T gspWaitForAnyEvent
00129084 00000154 t gspEventThreadMain
001291d8 0000012c T gspSubmitGxCommand
00129304 00000050 T GSPGPU_FlushDataCache
00129354 00000034 T GSPGPU_SetLcdForceBlack
00129388 00000084 T GSPGPU_AcquireRight
0012940c 00000064 T GSPGPU_ReleaseRight
00129470 0000007c T GSPGPU_ImportDisplayCaptureInfo
001294ec 0000002c T GSPGPU_SaveVramSysArea
00129518 0000002c T GSPGPU_RestoreVramSysArea
00129544 00000024 W hidShouldUseIrrst
00129568 000001cc T hidInit
00129734 000000e8 T hidExit
0012981c 000002a0 T hidScanInput
00129abc 00000010 T hidKeysHeld
00129acc 00000010 T hidKeysDown
00129adc 00000018 T hidTouchRead
00129af4 00000018 T hidCircleRead
00129b0c 00000200 T httpcInit
00129d0c 000000bc T httpcExit
00129dc8 000001a4 T irrstInit
00129f6c 000000dc T irrstExit
0012a048 000000b4 T irrstScanInput
0012a0fc 00000024 T irrstKeysHeld
0012a120 00000078 T ptmSysmInit
0012a198 0000003c T ptmSysmExit
0012a1d4 00000034 T PTMSYSM_ConfigureNew3DSCPU
0012a208 00000078 T closesocket
0012a280 00000174 T connect
0012a3f4 00000154 T gethostbyname
0012a548 000001a8 T inet_aton
0012a6f0 00000034 t soc_read
0012a724 00000034 t soc_write
0012a758 000000b0 t soc_close
0012a808 00000190 T socInit
0012a998 00000088 T socExit
0012aa20 00000020 T recv
0012aa40 00000148 T socuipc_cmd7
0012ab88 00000168 T socuipc_cmd8
0012acf0 00000010 T soc_recvfrom
0012ad00 000000a4 T recvfrom
0012ada4 00000020 T send
0012adc4 0000015c T socuipc_cmd9
0012af20 00000160 T socuipc_cmda
0012b080 00000010 T soc_sendto
0012b090 000000a4 T sendto
0012b134 0000016c T socket
0012b2a0 00000190 t swkbdMessageCallback
0012b430 00000084 T swkbdInit
0012b4b4 00000064 T swkbdSetHintText
0012b518 00000088 T swkbdSetButton
0012b5a0 00000008 T swkbdSetInitialText
0012b5a8 000003a8 T swkbdInputText
0012b950 00000074 T rbtree_find
0012b9c4 00000010 T rbtree_init
0012b9d4 00000198 t do_insert
0012bb6c 00000008 T rbtree_insert
0012bb74 00000310 T rbtree_remove
0012be84 00000090 T rbtree_rotate
0012bf14 00000140 T decode_utf8
0012c054 000000e8 T utf16_to_utf8
0012c13c 000000c0 T utf8_to_utf16
0012c200 000001e8 W __system_allocateHeaps
0012c3e8 00000038 W __libctru_init
0012c420 0000016c W __system_initArgv
0012c58c 00000030 T __syscall_getreent
0012c5bc 00000064 T __syscall_gettod_r
0012c620 00000004 T __syscall_lock_acquire
0012c624 00000004 T __syscall_lock_release
0012c628 00000004 T __syscall_lock_acquire_recursive
0012c62c 00000004 T __syscall_lock_release_recursive
0012c630 00000004 T __syscall_exit
0012c634 00000054 T initThreadVars
0012c688 00000080 T __system_initSyscalls
0012c708 T svcControlMemory
0012c728 T svcQueryMemory
0012c758 T svcExitProcess
0012c760 T svcCreateThread
0012c780 T svcExitThread
0012c788 T svcSleepThread
0012c790 T svcReleaseMutex
0012c798 T svcCreateEvent
0012c7ac T svcSignalEvent
0012c7b4 T svcClearEvent
0012c7bc T svcCreateMemoryBlock
0012c7d4 T svcMapMemoryBlock
0012c7dc T svcUnmapMemoryBlock
0012c7e4 T svcCreateAddressArbiter
0012c7f8 T svcArbitrateAddressNoTimeout
0012c800 T svcCloseHandle
0012c808 T svcWaitSynchronization
0012c810 T svcWaitSynchronizationN
0012c838 T svcDuplicateHandle
0012c84c T svcGetSystemTick
0012c854 T svcConnectToPort
0012c868 T svcSendSyncRequest
0012c870 T svcGetResourceLimit
0012c884 T svcGetResourceLimitLimitValues
0012c88c T svcGetResourceLimitCurrentValues
0012c894 T svcBreak
0012c89c T __aeabi_read_tp
0012c8a8 W initSystem
0012c8f8 W __ctru_exit
0012c90c 0000008c W envGetHandle
0012c998 00000050 W envDestroyHandles
0012c9e8 00000164 T srvInit
0012cb4c 00000064 T srvExit
0012cbb0 00000060 T srvEnableNotification
0012cc10 000000a0 T srvGetServiceHandleDirect
0012ccb0 00000048 T srvGetServiceHandle
0012ccf8 00000034 T srvSubscribe
0012cd2c 00000060 T srvReceiveNotification
0012cd8c 00000038 T srvPublishToSubscriber
0012cdc4 00000090 t mappableFindAddressWithin
0012ce54 00000028 T mappableInit
0012ce7c 0000007c T mappableAlloc
0012cef8 00000004 T mappableFree
0012cefc 0000000c T srvPmGetSessionHandle
0012cf08 0000003c T _net_convert_error
0012cf44 00000060 T rbtree_node_next
0012cfa4 00000054 T decode_utf16
0012cff8 00000054 T encode_utf16
0012d04c 000000e0 T encode_utf8
0012d12c 00000030 W __appExit
0012d15c 00000030 W __appInit
0012d18c 00000090 W __libctru_exit
0012d21c 00000024 t error_cmp
0012d240 00000050 t archive_translate_error
0012d290 000000c0 t archive_seek
0012d350 00000078 t _archiveInit.part.0
0012d3c8 00000110 t archiveFindDevice.part.0
0012d4d8 00000298 t archive_utf16path
0012d770 00000098 t _archiveUnmountDeviceStruct.part.0
0012d808 00000178 t _archiveMountDevice
0012d980 000000f8 t archive_diropen
0012da78 000000ac t archive_fstat
0012db24 00000074 t archive_fsync
0012db98 00000074 t archive_close
0012dc0c 00000078 t archive_dirclose
0012dc84 000000ec t sdmc_statvfs
0012dd70 000000f8 t archive_chdir
0012de68 0000008c t archive_ftruncate
0012def4 000000bc t archive_read
0012dfb0 000000a8 t archive_unlink
0012e058 000000c0 t archive_rmdir
0012e118 000000d8 t archive_mkdir
0012e1f0 000001a0 t archive_stat
0012e390 00000164 t archive_dirnext
0012e4f4 0000013c t archive_write
0012e630 00000254 t archive_open
0012e884 00000270 t archive_rename
0012eaf4 000001c8 T archiveMountSdmc
0012ecbc 00000054 T archiveUnmountAll
0012ed10 0000007c t ssl_hs_is_proper_fragment
0012ed8c 000000d8 t ssl_check_ctr_renegotiate
0012ee64 0000005c t ssl_buffering_free_slot.isra.0
0012eec0 00000058 T mbedtls_ssl_set_timer
0012ef18 00000aec T mbedtls_ssl_encrypt_buf
0012fa04 00000ab4 T mbedtls_ssl_decrypt_buf
001304b8 00000030 T mbedtls_ssl_flight_free
001304e8 00000120 T mbedtls_ssl_recv_flight_completed
00130608 000000c0 T mbedtls_ssl_send_flight_completed
001306c8 00000080 T mbedtls_ssl_update_handshake_status
00130748 00000014 T mbedtls_ssl_dtls_replay_reset
0013075c 000000a4 T mbedtls_ssl_dtls_replay_check
00130800 00000364 t ssl_parse_record_header
00130b64 000000f0 T mbedtls_ssl_dtls_replay_update
00130c54 00000064 T mbedtls_ssl_update_out_pointers
00130cb8 000001d8 T mbedtls_ssl_flush_output
00130e90 000000c4 t ssl_swap_epochs.isra.0
00130f54 0000006c T mbedtls_ssl_reset_in_out_pointers
00130fc0 000000b8 T mbedtls_ssl_get_record_expansion
00131078 000000a0 t ssl_get_remaining_payload_in_datagram
00131118 00000488 T mbedtls_ssl_write_record
001315a0 0000052c T mbedtls_ssl_write_handshake_msg
00131acc 000000c4 T mbedtls_ssl_write_change_cipher_spec
00131b90 00000128 T mbedtls_ssl_send_alert_message
00131cb8 00000164 t ssl_write_real
00131e1c 000003f8 T mbedtls_ssl_flight_transmit
00132214 0000036c T mbedtls_ssl_prepare_handshake_record
00132580 00000314 T mbedtls_ssl_handle_message_type
00132894 00000740 T mbedtls_ssl_fetch_input
00132fd4 00001b2c T mbedtls_ssl_read_record
00134b00 000001ec T mbedtls_ssl_parse_change_cipher_spec
00134cec 0000067c T mbedtls_ssl_read
00135368 000001b4 T mbedtls_ssl_write
0013551c 000000cc T mbedtls_ssl_close_notify
001355e8 0000003c T mbedtls_ssl_transform_free
00135624 000000ac T mbedtls_ssl_buffering_free
001356d0 00000034 T mbedtls_ssl_write_version
00135704 00000040 T mbedtls_ssl_read_version
00135744 0000000c t ssl_cookie_write_dummy
00135750 0000000c t ssl_cookie_check_dummy
0013575c 00000238 t tls_prf_generic
00135994 00000050 t tls_prf_sha256
001359e4 00000050 t tls_prf_sha384
00135a34 000003dc t tls1_prf
00135e10 00000148 t ssl_calc_finished_tls_sha256
00135f58 000000c4 t ssl_calc_verify_tls_sha256
0013601c 00000150 t ssl_calc_finished_tls_sha384
0013616c 000000c8 t ssl_calc_verify_tls_sha384
00136234 000001a8 t ssl_calc_finished_tls
001363dc 000000f0 t ssl_calc_verify_tls
001364cc 00000774 t ssl_populate_transform
00136c40 000000bc t ssl_write_hello_request
00136cfc 0000000c t ssl_update_checksum_sha256
00136d08 0000000c t ssl_update_checksum_sha384
00136d14 00000034 t ssl_update_checksum_md5sha1
00136d48 0000005c t ssl_update_checksum_start
00136da4 000003c0 T mbedtls_ssl_derive_keys
00137164 000002c0 T mbedtls_ssl_psk_derive_premaster
00137424 00000094 T mbedtls_ssl_resend_hello_request
001374b8 00000360 T mbedtls_ssl_write_certificate
00137818 00000044 T mbedtls_ssl_optimize_checksum
0013785c 00000044 T mbedtls_ssl_reset_checksum
001378a0 000002a8 T mbedtls_ssl_write_finished
00137b48 00000258 T mbedtls_ssl_parse_finished
00137da0 0000000c T mbedtls_ssl_session_init
00137dac 0000000c T mbedtls_ssl_init
00137db8 00000008 T mbedtls_ssl_conf_authmode
00137dc0 0000000c T mbedtls_ssl_conf_rng
00137dcc 00000014 T mbedtls_ssl_set_bio
00137de0 0000007c T mbedtls_ssl_conf_dh_param_bin
00137e5c 000000d4 T mbedtls_ssl_set_hostname
00137f30 00000080 T mbedtls_ssl_get_output_max_frag_len
00137fb0 0000005c T mbedtls_ssl_get_current_mtu
0013800c 000000dc T mbedtls_ssl_get_max_out_record_payload
001380e8 0000014c T mbedtls_ssl_handshake
00138234 000000b4 T mbedtls_ssl_handshake_free
001382e8 0000009c T mbedtls_ssl_handshake_wrapup_free_hs_transform
00138384 000001ac T mbedtls_ssl_handshake_wrapup
00138530 000001b8 t mbedtls_ssl_free.part.0
001386e8 0000027c t ssl_handshake_init
00138968 00000110 T mbedtls_ssl_setup
00138a78 00000240 T mbedtls_ssl_session_reset_int
00138cb8 000000fc T mbedtls_ssl_start_renegotiation
00138db4 00000104 T mbedtls_ssl_renegotiate
00138eb8 00000044 T mbedtls_ssl_session_free
00138efc 0000000c T mbedtls_ssl_free
00138f08 0000000c T mbedtls_ssl_config_init
00138f14 000001ec T mbedtls_ssl_config_defaults
00139100 00000098 T mbedtls_ssl_config_free
00139198 0000003c T mbedtls_ssl_sig_from_pk
001391d4 0000001c T mbedtls_ssl_sig_from_pk_alg
001391f0 00000018 T mbedtls_ssl_pk_alg_from_sig
00139208 00000028 T mbedtls_ssl_sig_hash_set_find
00139230 00000030 T mbedtls_ssl_sig_hash_set_add
00139260 0000000c T mbedtls_ssl_sig_hash_set_const_hash
0013926c 00000018 T mbedtls_ssl_md_alg_from_hash
00139284 00000018 T mbedtls_ssl_hash_from_md_alg
0013929c 00000044 T mbedtls_ssl_check_curve
001392e0 00000044 T mbedtls_ssl_check_sig_hash
00139324 00000108 T mbedtls_ssl_check_cert_usage
0013942c 000009fc T mbedtls_ssl_parse_certificate
00139e28 00000078 T mbedtls_ssl_set_calc_verify_md
00139ea0 000001e0 T mbedtls_ssl_get_key_exchange_md_ssl_tls
0013a080 00000170 T mbedtls_ssl_get_key_exchange_md_tls1_2
0013a1f0 0000015c t mbedtls_debug_print_mpi.part.0
0013a34c 00000148 t mbedtls_debug_print_ecp.part.0
0013a494 000000b0 T mbedtls_debug_print_msg
0013a544 000000b8 T mbedtls_debug_print_ret
0013a5fc 000001ec T mbedtls_debug_print_buf
0013a7e8 00000058 T mbedtls_debug_print_mpi
0013a840 000002f4 T mbedtls_debug_print_crt
0013ab34 00000110 T mbedtls_debug_printf_ecdh
0013ac44 000000a0 T mbedtls_ssl_list_ciphersuites
0013ace4 00000038 T mbedtls_ssl_ciphersuite_from_id
0013ad1c 0000003c T mbedtls_ssl_get_ciphersuite_name
0013ad58 0000003c T mbedtls_ssl_get_ciphersuite_sig_pk_alg
0013ad94 0000002c T mbedtls_ssl_get_ciphersuite_sig_alg
0013adc0 00000030 T mbedtls_ssl_ciphersuite_uses_ec
0013adf0 00000018 T mbedtls_ssl_ciphersuite_uses_psk
0013ae08 000000d8 t ssl_check_server_ecdh_params
0013aee0 00000228 t ssl_write_encrypted_pms
0013b108 000000b0 t ssl_validate_ciphersuite
0013b1b8 0000128c t ssl_write_client_hello
0013c444 00002ecc T mbedtls_ssl_handshake_client_step
0013f310 00000120 t ssl_parse_client_dh_public
0013f430 000021cc t ssl_parse_client_hello
001415fc 000001b4 t ssl_parse_client_psk_identity
001417b0 000002ac t ssl_parse_encrypted_pms
00141a5c 000026bc T mbedtls_ssl_handshake_server_step
00144118 000000b8 t x509_profile_check_key
001441d0 00000178 t mbedtls_x509_crt_free.part.0
00144348 0000012c t x509_name_cmp
00144474 00000134 t x509_crt_check_cn
001445a8 00000804 t x509_crt_verify_restartable_ca_cb.constprop.0.isra.0
00144dac 00000220 T mbedtls_x509_parse_subject_alt_name
00144fcc 00000e04 t mbedtls_x509_crt_parse_der_internal
00145dd0 00000024 T mbedtls_x509_crt_parse_der
00145df4 00000d34 T mbedtls_x509_crt_info
00146b28 0000004c T mbedtls_x509_crt_check_key_usage
00146b74 000000ac T mbedtls_x509_crt_check_extended_key_usage
00146c20 00000004 T mbedtls_x509_crt_verify_restartable
00146c24 0000000c T mbedtls_x509_crt_init
00146c30 0000000c T mbedtls_x509_crt_free
00146c3c 000000b4 t x509_check_time
00146cf0 00000078 t x509_get_current_time
00146d68 0000007c T mbedtls_x509_get_serial
00146de4 00000014 T mbedtls_x509_get_alg
00146df8 00000340 T mbedtls_x509_get_rsassa_pss_params
00147138 00000218 T mbedtls_x509_get_name
00147350 000003ac T mbedtls_x509_get_time
001476fc 00000064 T mbedtls_x509_get_sig
00147760 000000d4 T mbedtls_x509_get_sig_alg
00147834 00000088 T mbedtls_x509_get_ext
001478bc 00000218 T mbedtls_x509_dn_gets
00147ad4 00000148 T mbedtls_x509_serial_gets
00147c1c 00000140 T mbedtls_x509_sig_alg_gets
00147d5c 0000003c T mbedtls_x509_key_size_helper
00147d98 00000034 T mbedtls_x509_time_is_past
00147dcc 00000034 T mbedtls_x509_time_is_future
00147e00 00000064 t asn1_get_sequence_of_cb
00147e64 00000108 T mbedtls_asn1_get_len
00147f6c 00000114 t asn1_get_tagged_int
00148080 00000040 T mbedtls_asn1_get_tag
001480c0 00000088 T mbedtls_asn1_get_bool
00148148 0000000c T mbedtls_asn1_get_int
00148154 0000007c T mbedtls_asn1_get_mpi
001481d0 000000a4 T mbedtls_asn1_get_bitstring
00148274 0000015c T mbedtls_asn1_traverse_sequence_of
001483d0 00000084 T mbedtls_asn1_get_bitstring_null
00148454 00000058 T mbedtls_asn1_get_sequence_of
001484ac 00000130 T mbedtls_asn1_get_alg
001485dc 00000054 T mbedtls_asn1_get_alg_null
00148630 00000218 t mpi_mul_hlp
00148848 000000c0 t mpi_fill_random_internal
00148908 00000014 T mbedtls_mpi_init
0014891c 00000040 T mbedtls_mpi_free
0014895c 00000090 T mbedtls_mpi_grow
001489ec 000000b4 t mbedtls_mpi_resize_clear
00148aa0 000000cc T mbedtls_mpi_shrink
00148b6c 000000f4 T mbedtls_mpi_copy
00148c60 00000098 T mbedtls_mpi_lset
00148cf8 00000028 T mbedtls_mpi_get_bit
00148d20 00000074 T mbedtls_mpi_set_bit
00148d94 00000064 T mbedtls_mpi_lsb
00148df8 00000078 T mbedtls_mpi_bitlen
00148e70 00000014 T mbedtls_mpi_size
00148e84 00000068 T mbedtls_mpi_read_binary_le
00148eec 000000a4 T mbedtls_mpi_read_binary
00148f90 00000104 T mbedtls_mpi_write_binary_le
00149094 000000b8 T mbedtls_mpi_write_binary
0014914c 000000fc T mbedtls_mpi_shift_l
00149248 00000124 T mbedtls_mpi_shift_r
0014936c 000000c8 T mbedtls_mpi_cmp_abs
00149434 00000104 T mbedtls_mpi_cmp_mpi
00149538 00000038 T mbedtls_mpi_cmp_int
00149570 00000128 T mbedtls_mpi_add_abs
00149698 00000188 T mbedtls_mpi_sub_abs
00149820 000000ac t add_sub_mpi
001498cc 00000008 T mbedtls_mpi_add_mpi
001498d4 00000008 T mbedtls_mpi_sub_mpi
001498dc 00000038 T mbedtls_mpi_add_int
00149914 0000003c T mbedtls_mpi_sub_int
00149950 00000200 T mbedtls_mpi_mul_mpi
00149b50 000000d0 T mbedtls_mpi_mul_int
00149c20 000008c4 T mbedtls_mpi_div_mpi
0014a4e4 000000fc T mbedtls_mpi_mod_mpi
0014a5e0 000000b8 T mbedtls_mpi_mod_int
0014a698 000000a8 t mpi_check_small_factors
0014a740 0000003c T mbedtls_mpi_montmul_init
0014a77c 00000198 T mbedtls_mpi_montmul
0014a914 0000008c T mbedtls_mpi_get_mont_r2_unsafe
0014a9a0 00000a0c T mbedtls_mpi_exp_mod
0014b3ac 000006cc t mpi_miller_rabin
0014ba78 0000046c T mbedtls_mpi_gcd
0014bee4 00000054 T mbedtls_mpi_fill_random
0014bf38 000001ac T mbedtls_mpi_random
0014c0e4 00000cb4 T mbedtls_mpi_inv_mod
0014cd98 000000d0 T mbedtls_mpi_is_prime_ext
0014ce68 00000038 t add_pkcs_padding
0014cea0 00000044 t add_one_and_zeros_padding
0014cee4 00000048 t add_zeros_and_len_padding
0014cf2c 00000020 t add_zeros_padding
0014cf4c 00000020 t get_no_padding
0014cf6c 000000b0 t get_zeros_and_len_padding
0014d01c 000000b4 t get_pkcs_padding
0014d0d0 000000bc t get_one_and_zeros_padding
0014d18c 000000f8 t mbedtls_cipher_aead_encrypt
0014d284 00000160 t mbedtls_cipher_aead_decrypt
0014d3e4 00000084 t get_zeros_padding
0014d468 00000040 T mbedtls_cipher_info_from_type
0014d4a8 00000064 T mbedtls_cipher_info_from_values
0014d50c 0000000c T mbedtls_cipher_init
0014d518 00000054 T mbedtls_cipher_free
0014d56c 00000074 T mbedtls_cipher_setup
0014d5e0 0000008c T mbedtls_cipher_setkey
0014d66c 000000dc T mbedtls_cipher_set_iv
0014d748 000003dc T mbedtls_cipher_update
0014db24 00000164 T mbedtls_cipher_finish
0014dc88 000000d8 T mbedtls_cipher_set_padding_mode
0014dd60 0000009c T mbedtls_cipher_crypt
0014ddfc 00000074 T mbedtls_cipher_auth_encrypt_ext
0014de70 00000068 T mbedtls_cipher_auth_decrypt_ext
0014ded8 00000018 t chachapoly_ctx_free
0014def0 00000024 t chachapoly_ctx_alloc
0014df14 0000002c t chachapoly_setkey_wrap
0014df40 00000018 t chacha20_ctx_free
0014df58 00000024 t chacha20_ctx_alloc
0014df7c 0000002c t chacha20_setkey_wrap
0014dfa8 0000001c t chacha20_stream_wrap
0014dfc4 00000018 t des3_ctx_free
0014dfdc 00000024 t des3_ctx_alloc
0014e000 00000004 t des3_set3key_dec_wrap
0014e004 00000004 t des3_set3key_enc_wrap
0014e008 00000004 t des3_crypt_cbc_wrap
0014e00c 0000000c t des3_crypt_ecb_wrap
0014e018 00000004 t des3_set2key_dec_wrap
0014e01c 00000004 t des3_set2key_enc_wrap
0014e020 00000018 t des_ctx_free
0014e038 00000024 t des_ctx_alloc
0014e05c 00000004 t des_setkey_dec_wrap
0014e060 00000004 t des_setkey_enc_wrap
0014e064 00000004 t des_crypt_cbc_wrap
0014e068 0000000c t des_crypt_ecb_wrap
0014e074 00000018 t ccm_ctx_free
0014e08c 00000024 t ccm_ctx_alloc
0014e0b0 00000014 t ccm_camellia_setkey_wrap
0014e0c4 00000014 t ccm_aes_setkey_wrap
0014e0d8 00000018 t gcm_ctx_free
0014e0f0 00000024 t gcm_ctx_alloc
0014e114 00000014 t gcm_camellia_setkey_wrap
0014e128 00000014 t gcm_aes_setkey_wrap
0014e13c 00000018 t camellia_ctx_free
0014e154 00000024 t camellia_ctx_alloc
0014e178 00000004 t camellia_setkey_dec_wrap
0014e17c 00000004 t camellia_setkey_enc_wrap
0014e180 00000004 t camellia_crypt_ctr_wrap
0014e184 00000004 t camellia_crypt_cfb128_wrap
0014e188 00000004 t camellia_crypt_cbc_wrap
0014e18c 00000004 t camellia_crypt_ecb_wrap
0014e190 00000018 t blowfish_ctx_free
0014e1a8 00000028 t blowfish_ctx_alloc
0014e1d0 00000004 t blowfish_setkey_wrap
0014e1d4 00000004 t blowfish_crypt_ctr_wrap
0014e1d8 00000004 t blowfish_crypt_cfb64_wrap
0014e1dc 00000004 t blowfish_crypt_cbc_wrap
0014e1e0 00000004 t blowfish_crypt_ecb_wrap
0014e1e4 00000018 t arc4_ctx_free
0014e1fc 00000024 t arc4_ctx_alloc
0014e220 00000028 t arc4_setkey_wrap
0014e248 00000004 t arc4_crypt_stream_wrap
0014e24c 00000024 t xts_aes_ctx_alloc
0014e270 00000004 t xts_aes_setkey_dec_wrap
0014e274 00000004 t xts_aes_setkey_enc_wrap
0014e278 00000030 t aes_crypt_xts_wrap
0014e2a8 00000018 t aes_ctx_free
0014e2c0 00000024 t aes_ctx_alloc
0014e2e4 00000004 t aes_setkey_dec_wrap
0014e2e8 00000004 t aes_setkey_enc_wrap
0014e2ec 00000004 t aes_crypt_ctr_wrap
0014e2f0 00000004 t aes_crypt_ofb_wrap
0014e2f4 00000004 t aes_crypt_cfb128_wrap
0014e2f8 00000004 t aes_crypt_cbc_wrap
0014e2fc 00000004 t aes_crypt_ecb_wrap
0014e300 0000001c t xts_aes_ctx_free
0014e31c 00000048 T mbedtls_ct_memcmp
0014e364 00000010 T mbedtls_ct_uint_mask
0014e374 00000010 T mbedtls_ct_size_mask
0014e384 00000014 T mbedtls_ct_size_mask_ge
0014e398 00000018 T mbedtls_ct_size_bool_eq
0014e3b0 00000018 T mbedtls_ct_uint_if
0014e3c8 00000044 T mbedtls_ct_mpi_uint_cond_assign
0014e40c 0000008c T mbedtls_ct_memcpy_offset
0014e498 00000210 T mbedtls_ct_hmac
0014e6a8 000000c0 T mbedtls_mpi_safe_cond_assign
0014e768 000000dc T mbedtls_mpi_safe_cond_swap
0014e844 000000c4 T mbedtls_mpi_lt_mpi_ct
0014e908 00000254 T mbedtls_ct_rsaes_pkcs1_v15_unpadding
0014eb5c 00000274 t block_cipher_df
0014edd0 000000ec t ctr_drbg_update_internal
0014eebc 00000118 t mbedtls_ctr_drbg_reseed_internal
0014efd4 0000002c T mbedtls_ctr_drbg_init
0014f000 00000038 T mbedtls_ctr_drbg_free
0014f038 000000b4 T mbedtls_ctr_drbg_seed
0014f0ec 0000017c T mbedtls_ctr_drbg_random_with_add
0014f268 0000001c T mbedtls_ctr_drbg_random
0014f284 0000000c T mbedtls_des_init
0014f290 00000010 T mbedtls_des_free
0014f2a0 0000000c T mbedtls_des3_init
0014f2ac 00000010 T mbedtls_des3_free
0014f2bc 000003b0 T mbedtls_des_setkey
0014f66c 00000090 t des3_set2key
0014f6fc 00000090 t des3_set3key
0014f78c 00000010 T mbedtls_des_setkey_enc
0014f79c 00000040 T mbedtls_des_setkey_dec
0014f7dc 0000002c T mbedtls_des3_set2key_enc
0014f808 00000034 T mbedtls_des3_set2key_dec
0014f83c 0000002c T mbedtls_des3_set3key_enc
0014f868 00000034 T mbedtls_des3_set3key_dec
0014f89c 00000290 T mbedtls_des_crypt_ecb
0014fb2c 0000012c T mbedtls_des_crypt_cbc
0014fc58 00000504 T mbedtls_des3_crypt_ecb
0015015c 0000012c T mbedtls_des3_crypt_cbc
00150288 00000060 t dhm_read_bignum
001502e8 00000078 t dhm_check_range
00150360 00000068 t mbedtls_dhm_free.part.0
001503c8 00000114 t dhm_make_common
001504dc 0000000c T mbedtls_dhm_init
001504e8 00000084 T mbedtls_dhm_read_params
0015056c 00000110 T mbedtls_dhm_make_params
0015067c 00000054 T mbedtls_dhm_set_group
001506d0 00000038 T mbedtls_dhm_read_public
00150708 00000080 T mbedtls_dhm_make_public
00150788 000003a0 T mbedtls_dhm_calc_secret
00150b28 0000000c T mbedtls_dhm_free
00150b34 00000098 t ecdh_compute_shared_restartable.constprop.0
00150bcc 00000050 T mbedtls_ecdh_init
00150c1c 0000001c T mbedtls_ecdh_setup
00150c38 00000050 T mbedtls_ecdh_free
00150c88 000000e0 T mbedtls_ecdh_make_params
00150d68 00000074 T mbedtls_ecdh_read_params
00150ddc 00000090 T mbedtls_ecdh_get_params
00150e6c 000000a8 T mbedtls_ecdh_make_public
00150f14 0000004c T mbedtls_ecdh_read_public
00150f60 000000bc T mbedtls_ecdh_calc_secret
0015101c 00000004 t ecp_drbg_random
00151020 00000088 t ecp_drbg_seed
001510a8 000000fc t ecp_modp
001511a4 00000034 t mbedtls_mpi_mul_mod
001511d8 00000074 t ecp_safe_invert_jac
0015124c 0000009c t ecp_select_comb
001512e8 00000078 t mbedtls_mpi_sub_mod
00151360 00000068 t mbedtls_mpi_shift_l_mod.constprop.0
001513c8 000000bc t ecp_randomize_mxz
00151484 00000140 t ecp_normalize_jac
001515c4 00000304 t ecp_normalize_jac_many
001518c8 00000154 t ecp_randomize_jac
00151a1c 00000580 t ecp_double_jac
00151f9c 0000050c t ecp_add_mixed
001524a8 000007a8 t ecp_mul_comb.isra.0
00152c50 00000058 T mbedtls_ecp_grp_id_list
00152ca8 00000034 T mbedtls_ecp_curve_info_from_grp_id
00152cdc 00000030 T mbedtls_ecp_curve_info_from_tls_id
00152d0c 00000028 T mbedtls_ecp_get_type
00152d34 00000020 T mbedtls_ecp_point_init
00152d54 0000006c T mbedtls_ecp_group_init
00152dc0 00000030 T mbedtls_ecp_keypair_init
00152df0 00000024 T mbedtls_ecp_point_free
00152e14 000000bc T mbedtls_ecp_group_free
00152ed0 00000034 T mbedtls_ecp_keypair_free
00152f04 0000003c T mbedtls_ecp_copy
00152f40 00000008 T mbedtls_ecp_group_copy
00152f48 0000001c T mbedtls_ecp_is_zero
00152f64 00000164 T mbedtls_ecp_point_write_binary
001530c8 0000018c T mbedtls_ecp_point_read_binary
00153254 0000005c T mbedtls_ecp_tls_read_point
001532b0 00000060 T mbedtls_ecp_tls_write_point
00153310 0000008c T mbedtls_ecp_tls_read_group_id
0015339c 0000006c T mbedtls_ecp_tls_write_group
00153408 00000380 T mbedtls_ecp_check_pubkey
00153788 000000c4 T mbedtls_ecp_check_privkey
0015384c 000007a4 T mbedtls_ecp_mul_restartable
00153ff0 000001ac t mbedtls_ecp_mul_shortcuts
0015419c 000000f4 T mbedtls_ecp_muladd_restartable
00154290 0000010c T mbedtls_ecp_gen_privkey
0015439c 000001a8 T mbedtls_ecp_check_pub_priv
00154544 00000178 t ecp_mod_p448
001546bc 000000fc t ecp_mod_p255
001547b8 000000b0 t ecp_mod_p521
00154868 0000063c t ecp_mod_p384
00154ea4 00000178 t ecp_mod_koblitz.constprop.0
0015501c 00000010 t ecp_mod_p192k1
0015502c 00000010 t ecp_mod_p224k1
0015503c 00000010 t ecp_mod_p256k1
0015504c 00000334 t ecp_mod_p224
00155380 000001d4 t ecp_mod_p192
00155554 000004fc t ecp_mod_p256
00155a50 00000760 T mbedtls_ecp_group_load
001561b0 00000028 T mbedtls_hardware_poll
001561d8 000000d0 t entropy_update
001562a8 000000e4 t entropy_gather_internal.part.0
0015638c 00000198 t mbedtls_entropy_func.part.0
00156524 00000068 T mbedtls_entropy_init
0015658c 0000003c T mbedtls_entropy_free
001565c8 00000014 T mbedtls_entropy_func
001565dc 00000198 t gcm_mult
00156774 0000000c T mbedtls_gcm_init
00156780 000001e0 T mbedtls_gcm_setkey
00156960 00000214 T mbedtls_gcm_starts
00156b74 00000180 T mbedtls_gcm_update
00156cf4 00000128 T mbedtls_gcm_finish
00156e1c 00000074 T mbedtls_gcm_crypt_and_tag
00156e90 0000009c T mbedtls_gcm_auth_decrypt
00156f2c 00000020 T mbedtls_gcm_free
00156f4c 00000024 T mbedtls_hmac_drbg_init
00156f70 0000012c T mbedtls_hmac_drbg_update_ret
0015709c 0000010c t hmac_drbg_reseed_core
001571a8 00000074 T mbedtls_hmac_drbg_seed_buf
0015721c 00000148 T mbedtls_hmac_drbg_random_with_add
00157364 0000001c T mbedtls_hmac_drbg_random
00157380 0000002c T mbedtls_hmac_drbg_free
001573ac 0000000c T mbedtls_md_list
001573b8 00000020 T mbedtls_md_info_from_type
001573d8 00000014 T mbedtls_md_init
001573ec 000000b8 T mbedtls_md_free
001574a4 000000d4 T mbedtls_md_clone
00157578 00000144 T mbedtls_md_setup
001576bc 0000008c T mbedtls_md_starts
00157748 0000006c T mbedtls_md_update
001577b4 0000006c T mbedtls_md_finish
00157820 00000070 T mbedtls_md
00157890 00000150 T mbedtls_md_hmac_starts
001579e0 00000030 T mbedtls_md_hmac_update
00157a10 000000ac T mbedtls_md_hmac_finish
00157abc 00000054 T mbedtls_md_hmac_reset
00157b10 0000000c T mbedtls_md_get_size
00157b1c 0000000c T mbedtls_md_get_type
00157b28 0000000c T mbedtls_md_get_name
00157b34 0000000c T mbedtls_md5_init
00157b40 00000010 T mbedtls_md5_free
00157b50 00000010 T mbedtls_md5_clone
00157b60 00000044 T mbedtls_md5_starts_ret
00157ba4 00000b28 T mbedtls_internal_md5_process
001586cc 00000104 t mbedtls_md5_update_ret.part.0
001587d0 00000020 T mbedtls_md5_update_ret
001587f0 00000130 T mbedtls_md5_finish_ret
00158920 00000088 T mbedtls_md5_ret
001589a8 00000068 T mbedtls_oid_get_attr_short_name
00158a10 00000068 T mbedtls_oid_get_x509_ext_type
00158a78 00000068 T mbedtls_oid_get_extended_key_usage
00158ae0 00000064 T mbedtls_oid_get_certificate_policies
00158b44 00000068 T mbedtls_oid_get_sig_alg_desc
00158bac 00000074 T mbedtls_oid_get_sig_alg
00158c20 00000068 T mbedtls_oid_get_pk_alg
00158c88 00000068 T mbedtls_oid_get_ec_grp
00158cf0 00000068 T mbedtls_oid_get_md_alg
00158d58 0000004c T mbedtls_oid_get_oid_by_md
00158da4 00000158 T mbedtls_oid_get_numeric_string
00158efc 00000034 T mbedtls_pk_free
00158f30 00000020 T mbedtls_pk_info_from_type
00158f50 00000054 T mbedtls_pk_setup
00158fa4 00000028 T mbedtls_pk_can_do
00158fcc 000000b4 T mbedtls_pk_verify_restartable
00159080 0000002c T mbedtls_pk_verify
001590ac 00000164 T mbedtls_pk_verify_ext
00159210 000000d0 T mbedtls_pk_sign_restartable
001592e0 0000003c T mbedtls_pk_sign
0015931c 00000054 T mbedtls_pk_decrypt
00159370 00000054 T mbedtls_pk_encrypt
001593c4 00000028 T mbedtls_pk_get_bitlen
001593ec 00000044 T mbedtls_pk_debug
00159430 00000028 T mbedtls_pk_get_name
00159458 00000018 T mbedtls_pk_get_type
00159470 00000014 t rsa_can_do
00159484 0000003c t rsa_debug
001594c0 00000014 t eckey_can_do
001594d4 00000008 t eckey_get_bitlen
001594dc 00000020 t eckey_debug
001594fc 00000014 t eckeydh_can_do
00159510 00000010 t ecdsa_can_do
00159520 00000018 t rsa_free_wrap
00159538 0000002c t rsa_alloc_wrap
00159564 00000004 t rsa_check_pair_wrap
00159568 00000070 t rsa_encrypt_wrap
001595d8 00000070 t rsa_decrypt_wrap
00159648 00000054 t rsa_sign_wrap
0015969c 00000080 t rsa_verify_wrap
0015971c 00000068 t rsa_get_bitlen
00159784 00000018 t eckey_free_wrap
0015979c 00000024 t eckey_alloc_wrap
001597c0 00000004 t eckey_check_pair
001597c4 00000024 t ecdsa_alloc_wrap
001597e8 00000018 t ecdsa_free_wrap
00159800 00000004 t ecdsa_sign_wrap
00159804 00000084 t eckey_sign_wrap
00159888 00000038 t ecdsa_verify_wrap
001598c0 0000007c t eckey_verify_wrap
0015993c 00000154 t pk_get_rsapubkey
00159a90 0000009c t pk_get_pk_alg
00159b2c 000004ac t pk_use_ecparams
00159fd8 000001dc T mbedtls_pk_parse_subpubkey
0015a1b4 0000001c T mbedtls_platform_zeroize
0015a1d0 00000060 T mbedtls_platform_gmtime_r
0015a230 0000000c T mbedtls_ripemd160_init
0015a23c 00000010 T mbedtls_ripemd160_free
0015a24c 00000010 T mbedtls_ripemd160_clone
0015a25c 00000050 T mbedtls_ripemd160_starts_ret
0015a2ac 00001e5c T mbedtls_internal_ripemd160_process
0015c108 00000104 t mbedtls_ripemd160_update_ret.part.0
0015c20c 00000020 T mbedtls_ripemd160_update_ret
0015c22c 00000114 T mbedtls_ripemd160_finish_ret
0015c340 00000094 T mbedtls_ripemd160_ret
0015c3d4 00000118 t mgf_mask
0015c4ec 000001cc t rsa_rsassa_pkcs1_v15_encode
0015c6b8 00000074 t mbedtls_rsa_free.part.0
0015c72c 00000130 t rsa_check_context.isra.0
0015c85c 000000d4 T mbedtls_rsa_import_raw
0015c930 0000028c T mbedtls_rsa_complete
0015cbbc 00000160 T mbedtls_rsa_export
0015cd1c 00000028 T mbedtls_rsa_init
0015cd44 00000008 T mbedtls_rsa_get_len
0015cd4c 0000007c T mbedtls_rsa_check_pubkey
0015cdc8 000000a4 T mbedtls_rsa_check_privkey
0015ce6c 0000005c T mbedtls_rsa_check_pub_priv
0015cec8 000000f4 T mbedtls_rsa_public
0015cfbc 000008e0 T mbedtls_rsa_private
0015d89c 000002b4 t rsa_rsassa_pss_sign
0015db50 00000238 T mbedtls_rsa_rsaes_oaep_encrypt
0015dd88 000001c8 T mbedtls_rsa_rsaes_pkcs1_v15_encrypt
0015df50 00000060 T mbedtls_rsa_pkcs1_encrypt
0015dfb0 00000260 T mbedtls_rsa_rsaes_oaep_decrypt
0015e210 000000d4 T mbedtls_rsa_rsaes_pkcs1_v15_decrypt
0015e2e4 0000006c T mbedtls_rsa_pkcs1_decrypt
0015e350 000001b4 T mbedtls_rsa_rsassa_pkcs1_v15_sign
0015e504 00000068 T mbedtls_rsa_pkcs1_sign
0015e56c 000002a8 T mbedtls_rsa_rsassa_pss_verify_ext
0015e814 00000170 T mbedtls_rsa_rsassa_pkcs1_v15_verify
0015e984 00000080 T mbedtls_rsa_pkcs1_verify
0015ea04 0000000c T mbedtls_rsa_free
0015ea10 00000308 T mbedtls_rsa_deduce_primes
0015ed18 00000134 T mbedtls_rsa_deduce_private_exponent
0015ee4c 000001c0 T mbedtls_rsa_validate_crt
0015f00c 000002f4 T mbedtls_rsa_validate_params
0015f300 000000d0 T mbedtls_rsa_deduce_crt
0015f3d0 0000000c T mbedtls_sha1_init
0015f3dc 00000010 T mbedtls_sha1_free
0015f3ec 00000010 T mbedtls_sha1_clone
0015f3fc 00000050 T mbedtls_sha1_starts_ret
0015f44c 00001368 T mbedtls_internal_sha1_process
001607b4 00000104 t mbedtls_sha1_update_ret.part.0
001608b8 00000020 T mbedtls_sha1_update_ret
001608d8 0000015c T mbedtls_sha1_finish_ret
00160a38 00000094 T mbedtls_sha1_ret
00160acc 0000000c T mbedtls_sha256_init
00160ad8 00000010 T mbedtls_sha256_free
00160ae8 00000010 T mbedtls_sha256_clone
00160af8 000000c8 T mbedtls_sha256_starts_ret
00160bc0 000009c0 T mbedtls_internal_sha256_process
00161580 00000104 t mbedtls_sha256_update_ret.part.0
00161684 00000020 T mbedtls_sha256_update_ret
001616a4 000001d4 T mbedtls_sha256_finish_ret
00161878 00000120 T mbedtls_sha256_ret
00161998 0000000c T mbedtls_sha512_init
001619a4 00000010 T mbedtls_sha512_free
001619b4 00000010 T mbedtls_sha512_clone
001619c8 00000110 T mbedtls_sha512_starts_ret
00161ad8 00000d08 T mbedtls_internal_sha512_process
001627e0 00000110 t mbedtls_sha512_update_ret.part.0
001628f0 00000020 T mbedtls_sha512_update_ret
00162910 0000034c T mbedtls_sha512_finish_ret
00162c60 00000178 T mbedtls_sha512_ret
00162dd8 00000348 t aes_gen_tables
00163120 00000058 t mbedtls_gf128mul_x_ble
00163178 0000000c T mbedtls_aes_init
00163184 00000010 T mbedtls_aes_free
00163194 00000028 T mbedtls_aes_xts_init
001631bc 00000024 T mbedtls_aes_xts_free
001631e0 000002d4 T mbedtls_aes_setkey_enc
001634b4 00000190 T mbedtls_aes_setkey_dec
00163644 0000005c T mbedtls_aes_xts_setkey_enc
001636a0 0000005c T mbedtls_aes_xts_setkey_dec
001636fc 000004fc T mbedtls_internal_aes_encrypt
00163bf8 00000500 T mbedtls_internal_aes_decrypt
001640f8 0000002c T mbedtls_aes_crypt_ecb
00164124 00000154 T mbedtls_aes_crypt_cbc
00164278 00000224 T mbedtls_aes_crypt_xts
0016449c 000000e0 T mbedtls_aes_crypt_cfb128
0016457c 00000084 T mbedtls_aes_crypt_ofb
00164600 000000ac T mbedtls_aes_crypt_ctr
001646ac 0000000c T mbedtls_arc4_init
001646b8 00000010 T mbedtls_arc4_free
001646c8 00000088 T mbedtls_arc4_setup
00164750 00000078 T mbedtls_arc4_crypt
001647c8 00000098 t blowfish_enc
00164860 00000010 T mbedtls_blowfish_init
00164870 00000014 T mbedtls_blowfish_free
00164884 000001a0 T mbedtls_blowfish_setkey
00164a24 000000e0 T mbedtls_blowfish_crypt_ecb
00164b04 0000012c T mbedtls_blowfish_crypt_cbc
00164c30 000000e8 T mbedtls_blowfish_crypt_cfb64
00164d18 000000b0 T mbedtls_blowfish_crypt_ctr
00164dc8 000000c8 t camellia_feistel
00164e90 0000000c T mbedtls_camellia_init
00164e9c 00000010 T mbedtls_camellia_free
00164eac 0000066c T mbedtls_camellia_setkey_enc
00165518 0000011c T mbedtls_camellia_setkey_dec
00165634 00000178 T mbedtls_camellia_crypt_ecb
001657ac 0000014c T mbedtls_camellia_crypt_cbc
001658f8 000000e8 T mbedtls_camellia_crypt_cfb128
001659e0 000000b0 T mbedtls_camellia_crypt_ctr
00165a90 000004cc t ccm_auth_crypt
00165f5c 0000000c T mbedtls_ccm_init
00165f68 00000070 T mbedtls_ccm_setkey
00165fd8 00000020 T mbedtls_ccm_free
00165ff8 00000064 T mbedtls_ccm_encrypt_and_tag
0016605c 0000009c T mbedtls_ccm_auth_decrypt
001660f8 000003b8 t chacha20_block
001664b0 00000028 T mbedtls_chacha20_init
001664d8 00000010 T mbedtls_chacha20_free
001664e8 00000080 T mbedtls_chacha20_setkey
00166568 00000044 T mbedtls_chacha20_starts
001665ac 000001a8 T mbedtls_chacha20_update
00166754 00000034 T mbedtls_chachapoly_init
00166788 00000038 T mbedtls_chachapoly_free
001667c0 00000004 T mbedtls_chachapoly_setkey
001667c4 0000009c T mbedtls_chachapoly_starts
00166860 0000010c T mbedtls_chachapoly_update
0016696c 0000010c T mbedtls_chachapoly_finish
00166a78 000000a0 T mbedtls_chachapoly_encrypt_and_tag
00166b18 000000d0 T mbedtls_chachapoly_auth_decrypt
00166be8 0000009c t derive_mpi
00166c84 00000258 t ecdsa_sign_restartable.part.0
00166edc 00000200 t ecdsa_verify_restartable.isra.0
001670dc 00000208 t ecdsa_sign_det_restartable.isra.0
001672e4 00000128 T mbedtls_ecdsa_write_signature_restartable
0016740c 0000003c T mbedtls_ecdsa_write_signature
00167448 00000100 T mbedtls_ecdsa_read_signature_restartable
00167548 00000024 T mbedtls_ecdsa_read_signature
0016756c 0000005c T mbedtls_ecdsa_from_keypair
001675c8 00000004 T mbedtls_ecdsa_init
001675cc 0000000c T mbedtls_ecdsa_free
001675d8 00000228 t poly1305_process
00167800 00000008 T mbedtls_poly1305_init
00167808 00000010 T mbedtls_poly1305_free
00167818 0000008c T mbedtls_poly1305_starts
001678a4 000000dc T mbedtls_poly1305_update
00167980 00000134 T mbedtls_poly1305_finish
00167ab4 00000188 T mbedtls_asn1_write_len
00167c3c 00000024 T mbedtls_asn1_write_tag
00167c60 000000e0 T mbedtls_asn1_write_mpi
00167d40 00000048 T sslcGenerateRandomData
00167d88 00000130 t updatewindow
00167eb8 0000005c t inflateStateCheck
00167f14 0000009c T inflateResetKeep
00167fb0 000000d0 T inflateReset2
00168080 000000fc T inflateInit2_
0016817c 000018cc T inflate
00169a48 00000060 T inflateEnd
00169aa8 000004f0 T inflate_table
00169f98 00000008 T zcalloc
00169fa0 00000008 T zcfree
00169fa8 00000360 T adler32_z
0016a308 00000004 T adler32
0016a30c 0000038c T crc32_z
0016a698 00000004 T crc32
0016a69c 000005b0 T inflate_fast
0016ac50 00000264 T sinf
0016aeb4 00000024 t with_errnof
0016aed8 0000001c T __math_invalidf
0016aef4 000000c0 T ceilf
0016afb8 0000025c T cosf
0016b214 0000002c T __aeabi_d2lz
0016b214 0000002c T __fixdfdi
0016b240 00000040 T __aeabi_d2ulz
0016b240 00000040 T __fixunsdfdi
0016b280 00000130 T __udivmoddi4
0016b3b0 000000e4 T strncat
0016b494 00000034 T ftell
0016b4c8 00000078 T sscanf
0016b540 00000130 t critical_factorization
0016b670 0000033c t two_way_long_needle
0016b9ac 00000238 T strstr
0016bbe4 00000128 T memcpy
0016bd0c 0000005c T __assert_func
0016bd68 0000008c T strlen
0016bdf4 00000334 T _fread_r
0016c128 00000038 T fread
0016c160 00000078 T bsearch
0016c1d8 00000050 t get_arg
0016c228 00002b88 T __ssvfscanf_r
0016edb0 00000134 T _fopen_r
0016eee4 00000028 T fopen
0016ef0c 00000060 t sulp
0016ef70 00001428 T _strtod_l
00170398 00000044 T _strtod_r
001703dc 00000048 T strtod
00170428 00000110 T strtof
00170538 00000020 T close
00170558 0000001c T gmtime
00170574 00000028 T memalign
0017059c 00000264 t _strtoull_l.isra.0
00170800 00000038 T _strtoull_r
00170838 00000068 T strcasecmp
001708a0 000000f4 t rshift
00170994 000008b4 T __gethex
00171248 000000a0 T snprintf
001712e8 000001ec t _strtoul_l.isra.0
001714d4 00000038 T _strtoul_r
0017150c 0000003c T strtoul
00171548 0000003c T fiprintf
00171584 000000c4 T _mbrtowc_r
00171648 00000058 T remove
001716a0 00000094 T strncasecmp
00171734 00000140 T strchr
00171874 000000d8 T memcmp
0017194c 00000198 T _fgets_r
00171ae4 00000030 T fgets
00171b14 00000028 T calloc
00171b3c 000000f8 T __sccl
00171c34 0000016c T _memalign_r
00171da0 0000000c T __errno
00171dac 00000014 T abort
00171dc0 00000164 T __smakebuf_r
00171f24 0000047c t _strtoll_l.isra.0
001723a0 00000038 T _strtoll_r
001723d8 00000024 T __locale_mb_cur_max
001723fc 000000e4 T memset
001724e0 000000d8 T _calloc_r
001725b8 0000022c T __sflush_r
001727e4 000000c4 T _fflush_r
001728a8 00000044 T fflush
001728ec 00000088 T _vsnprintf_r
00172974 00000038 T vsnprintf
001729ac 00000104 T _fwrite_r
00172ab0 00000038 T fwrite
00172ae8 00000028 T realloc
00172b10 000008e8 T qsort
001733f8 000001c4 T _ftello_r
001735bc 0000082c T _malloc_r
00173de8 00000114 T _malloc_trim_r
00173efc 00000314 T _free_r
00174210 000000e4 T _sungetc_r
001742f4 0000006c T __ssrefill_r
00174360 000000b4 T _sfread_r
00174414 0000001c t stdio_exit_handler
00174430 0000005c t cleanup_stdio
0017448c 00000154 t global_stdio_init.part.0
001745e0 00000138 T __sfp
00174718 0000005c T __sinit
00174774 0000000c T __sfp_lock_acquire
00174780 0000000c T __sfp_lock_release
0017478c 0000000c T atoi
00174798 00000384 t _strtol_l.part.0
00174b1c 0000006c T _strtol_r
00174b88 00000074 T strtol
00174bfc 00000084 T __libc_init_array
00174c80 00000028 T rename
00174ca8 000000d4 T strncpy
00174d7c 0000001c T _fseek_r
00174d98 00000034 T fseek
00174dcc 00000040 T malloc
00174e0c 00000020 T free
00174e2c 000000e8 T memchr
00174f14 00000048 T strrchr
00174f5c 00000024 T _localeconv_r
00174f80 00000044 T __sread
00174fc4 00000008 T __seofread
00174fcc 00000068 T __swrite
00175034 00000040 T __sseek
00175074 00000008 T __sclose
0017507c 000001a8 T memmove
00175224 000004f0 T _realloc_r
00175714 00000020 T strdup
00175734 0000000c T __malloc_lock
00175740 0000000c T __malloc_unlock
0017574c 00000588 T _fseeko_r
00175cd4 00000148 T _fclose_r
00175e1c 00000020 T fclose
00175e3c 00000048 T time
00175e84 0000003c T fprintf
00175ec0 00000004 W __call_exitprocs
00175ec4 00000030 T exit
00175ef4 000005e0 t get_arg
001764d8 0000345c T _svfprintf_r
00179934 000000b8 T __sflags
001799ec 00000028 T stat
00179a14 000000f8 T __utf8_wctomb
00179b0c 0000003c T __libc_fini_array
00179b48 0000003c T strnlen
00179b84 0000025c T gmtime_r
00179de0 000005e0 t get_arg
0017a3c0 000022f8 T _vfiprintf_r
0017c6b8 000000b4 t __sbprintf
0017c76c 000000d8 T strncmp
0017c844 00000070 T __match
0017c8b4 000002a8 T __hexnan
0017cb5c 00000068 T sprintf
0017cbc4 000000bc T __strtok_r
0017cc80 00000008 T strtok_r
0017cc88 00000038 t lflush
0017ccc0 000001a8 T __srefill_r
0017ce68 00000010 T nan
0017ce78 0000000c T nanf
0017ce88 00000088 T frexp
0017cf10 000000dc T stpncpy
0017cfec 00000054 T _strdup_r
0017d040 00000008 T iswspace
0017d048 00000088 T _Balloc
0017d0d0 0000001c T _Bfree
0017d0ec 000000f4 T __multadd
0017d1e0 0000010c T __s2b
0017d2ec 00000080 T __hi0bits
0017d36c 000000f0 T __lo0bits
0017d45c 000000a4 T __i2b
0017d500 00000230 T __multiply
0017d730 00000130 T __pow5mult
0017d860 00000138 T __lshift
0017d998 00000058 T __mcmp
0017d9f0 00000218 T __mdiff
0017dc08 00000068 T __ulp
0017dc70 000000d4 T __b2d
0017dd44 00000120 T __d2b
0017de64 00000078 T __ratio
0017dedc 0000008c T __copybits
0017df68 0000005c T __any_on
0017dfc4 00000070 T _fwalk_sglue
0017e034 000005e0 t get_arg
0017e618 00003554 T _vfprintf_r
00181b6c 000000b4 t __sbprintf
00181c20 000000a0 T _wcrtomb_r
00181cc0 000000b8 T __submore
00181d78 000000a4 T __ssprint_r
00181e1c 00000340 T __utf8_mbtowc
0018215c 000004a4 T __sfvwrite_r
00182600 0000009c T _raise_r
0018269c 00000020 T raise
001826bc 00000030 T __sprint_r
001826ec 000001c0 t quorem
001828b0 00001420 T _dtoa_r
00183cd0 00000028 T _wcsrtombs_r
00183cf8 00000140 T __swsetup_r
00183e38 00000038 T iswspace_l
00183e70 0000012c T __ssputs_r
00183f9c 0000015c T _wcsnrtombs_l
001840f8 00000064 T _wcsnrtombs_r
0018415c 00000090 T category
001841ec 00000020 T _exit
0018420c 00000140 T chdir
0018434c 000001c8 T _concatenate_path
00184514 0000009c T _fstat_r
001845b0 00000014 T _getpid_r
001845c4 0000002c T __getreent
001845f0 00000030 T _gettimeofday_r
00184620 000000a0 T __release_handle
001846c0 000000b0 T __alloc_handle
00184770 00000058 T __get_handle
001847c8 00000110 T _close_r
001848d8 00000008 t null_write
001848e0 00000018 T setDefaultDevice
001848f8 00000098 T FindDevice
00184990 00000024 T RemoveDevice
001849b4 00000088 T AddDevice
00184a3c 00000020 T GetDeviceOpTab
00184a5c 00000008 T _isatty_r
00184a64 00000014 T _kill_r
00184a78 00000094 T _lseek_r
00184b0c 00000068 T mkdir
00184b74 000000c0 T _open_r
00184c34 00000094 T _read_r
00184cc8 00000088 T _rename_r
00184d50 0000007c T _rmdir_r
00184dcc 00000078 W _sbrk_r
00184e44 00000080 T _stat_r
00184ec4 0000001c T __libc_lock_acquire
00184ee0 0000001c T __libc_lock_release
00184efc 0000001c T __libc_lock_acquire_recursive
00184f18 0000001c T __libc_lock_release_recursive
00184f34 00000078 T _unlink_r
00184fac 00000094 T _write_r
00185040 T _fini
00186018 00000013 r label.1
0018602c 00000011 r xd.0
00186040 00000010 r exts.1
00186050 0000001c r exts.3
0018606c 0000001c r ATTRS.2
00186088 00000007 r key.0
00186100 0000001f r __func__.12
00186120 00000015 r __func__.8
00186138 0000001b r __func__.13
00186154 00000005 r first_row_filter
0018615c 00000009 r stbi__depth_scale_table
00186168 00000013 r length_dezigzag.0
0018617c 00000120 r stbi__zdefault_length
0018629c 00000020 r stbi__zdefault_distance
001862bc 0000007c r stbi__zlength_base
00186338 0000007c r stbi__zlength_extra
001863b4 00000080 r stbi__zdist_base
00186434 00000080 r stbi__zdist_extra
001864b4 00000044 r stbi__bmask
001864f8 00000040 r stbi__jbias
00186538 00000017 r __func__.3
00186550 0000004f r stbi__jpeg_dezigzag
001865a0 00000005 r tag.6
001865a8 00000006 r tag.5
001865b0 00000003 r rgb.4
001865b4 00000008 r png_sig.15
0018662c 0000001d r __func__.11
0018664c 0000001b r __func__.10
00186668 00000010 r __func__.9
00186678 00000017 r __func__.7
00186690 00000020 r __func__.2
001866b0 00000021 r __func__.16
001866d4 0000001c r exts.0
001866f0 0000000c r type_colors.1
001866fc 0000000c r type_labels.0
00186708 0000001c r s_zoom_levels
001867c0 00000008 r s_defaultTint.0
0018e444 r .LC2
00190d24 R render2d_shbin
00190eb0 00000004 r depthFmtSizes
00190eb0 R render2d_shbin_end
00190eb4 00000005 r colorFmtSizes
00190ebc 00000010 r CSWTCH.11
00190ecc 00000038 r CSWTCH.19
00190f04 00000080 r romFS_devoptab
00190fac 00000008 r morton_y.2
00190fb4 00000008 r morton_x.3
00190fbc 00000008 r s_sleepWakeEvents.4
00190fc4 0000000c r serviceNameTable.5
00190fd0 0000004d r _net_error_code_map
00191020 00000030 r error_table
00191050 00000080 r archive_devoptab
001910fc 00000010 r CSWTCH.83
0019110c 00000003 r ssl_preset_suiteb_curves
00191110 0000000c r ssl_preset_suiteb_hashes
0019111c 0000000c r ssl_preset_suiteb_ciphersuites
00191128 00000014 r ssl_preset_default_hashes
00191148 00001280 r ciphersuite_definitions
001923c8 00000340 r ciphersuite_preference
001927d8 00000010 R mbedtls_x509_crt_profile_suiteb
001927e8 00000010 R mbedtls_x509_crt_profile_default
001927fc 000002a0 r small_prime
00192aac 000001b8 R mbedtls_cipher_definitions
00192c64 0000001c r chachapoly_info
00192c80 00000030 r chachapoly_base_info
00192cb0 0000001c r chacha20_info
00192ccc 00000030 r chacha20_base_info
00192cfc 0000001c r arc4_128_info
00192d18 00000030 r arc4_base_info
00192d48 0000001c r blowfish_ctr_info
00192d64 0000001c r blowfish_cfb64_info
00192d80 0000001c r blowfish_cbc_info
00192d9c 0000001c r blowfish_ecb_info
00192db8 00000030 r blowfish_info
00192de8 0000001c r des_ede3_cbc_info
00192e04 0000001c r des_ede3_ecb_info
00192e20 00000030 r des_ede3_info
00192e50 0000001c r des_ede_cbc_info
00192e6c 0000001c r des_ede_ecb_info
00192e88 00000030 r des_ede_info
00192eb8 0000001c r des_cbc_info
00192ed4 0000001c r des_ecb_info
00192ef0 00000030 r des_info
00192f20 0000001c r camellia_256_ccm_info
00192f3c 0000001c r camellia_192_ccm_info
00192f58 0000001c r camellia_128_ccm_info
00192f74 00000030 r ccm_camellia_info
00192fa4 0000001c r camellia_256_gcm_info
00192fc0 0000001c r camellia_192_gcm_info
00192fdc 0000001c r camellia_128_gcm_info
00192ff8 00000030 r gcm_camellia_info
00193028 0000001c r camellia_256_ctr_info
00193044 0000001c r camellia_192_ctr_info
00193060 0000001c r camellia_128_ctr_info
0019307c 0000001c r camellia_256_cfb128_info
00193098 0000001c r camellia_192_cfb128_info
001930b4 0000001c r camellia_128_cfb128_info
001930d0 0000001c r camellia_256_cbc_info
001930ec 0000001c r camellia_192_cbc_info
00193108 0000001c r camellia_128_cbc_info
00193124 0000001c r camellia_256_ecb_info
00193140 0000001c r camellia_192_ecb_info
0019315c 0000001c r camellia_128_ecb_info
00193178 00000030 r camellia_info
001931a8 0000001c r aes_256_ccm_info
001931c4 0000001c r aes_192_ccm_info
001931e0 0000001c r aes_128_ccm_info
001931fc 00000030 r ccm_aes_info
0019322c 0000001c r aes_256_gcm_info
00193248 0000001c r aes_192_gcm_info
00193264 0000001c r aes_128_gcm_info
00193280 00000030 r gcm_aes_info
001932b0 0000001c r aes_256_xts_info
001932cc 0000001c r aes_128_xts_info
001932e8 00000030 r xts_aes_info
00193318 0000001c r aes_256_ctr_info
00193334 0000001c r aes_192_ctr_info
00193350 0000001c r aes_128_ctr_info
0019336c 0000001c r aes_256_ofb_info
00193388 0000001c r aes_192_ofb_info
001933a4 0000001c r aes_128_ofb_info
001933c0 0000001c r aes_256_cfb128_info
001933dc 0000001c r aes_192_cfb128_info
001933f8 0000001c r aes_128_cfb128_info
00193414 0000001c r aes_256_cbc_info
00193430 0000001c r aes_192_cbc_info
0019344c 0000001c r aes_128_cbc_info
00193468 0000001c r aes_256_ecb_info
00193484 0000001c r aes_192_ecb_info
001934a0 0000001c r aes_128_ecb_info
001934bc 00000030 r aes_info
001934ec 00000040 r RHs
0019352c 00000040 r LHs
0019356c 00000100 r SB8
0019366c 00000100 r SB7
0019376c 00000100 r SB6
0019386c 00000100 r SB5
0019396c 00000100 r SB4
00193a6c 00000100 r SB3
00193b6c 00000100 r SB2
00193c6c 00000100 r SB1
00193d6c 0000000c r ecp_x25519_bad_point_2
00193d78 0000000c r ecp_x25519_bad_point_1
00193d84 00000020 r x25519_bad_point_2
00193da4 00000020 r x25519_bad_point_1
00193dc4 000000a8 r ecp_supported_curves
00193e88 00000004 r one.0
00193e8c 00000008 r Rp.1
00193e94 00000008 r Rp.2
00193e9c 00000008 r Rp.3
00193ea4 0000001c r curve448_part_of_n
00193ec0 00000010 r curve25519_part_of_n
00193ed0 00000040 r brainpoolP512r1_n
00193f10 00000040 r brainpoolP512r1_gy
00193f50 00000040 r brainpoolP512r1_gx
00193f90 00000040 r brainpoolP512r1_b
00193fd0 00000040 r brainpoolP512r1_a
00194010 00000040 r brainpoolP512r1_p
00194050 00000030 r brainpoolP384r1_n
00194080 00000030 r brainpoolP384r1_gy
001940b0 00000030 r brainpoolP384r1_gx
001940e0 00000030 r brainpoolP384r1_b
00194110 00000030 r brainpoolP384r1_a
00194140 00000030 r brainpoolP384r1_p
00194170 00000020 r brainpoolP256r1_n
00194190 00000020 r brainpoolP256r1_gy
001941b0 00000020 r brainpoolP256r1_gx
001941d0 00000020 r brainpoolP256r1_b
001941f0 00000020 r brainpoolP256r1_a
00194210 00000020 r brainpoolP256r1_p
00194230 00000020 r secp256k1_n
00194250 00000020 r secp256k1_gy
00194270 00000020 r secp256k1_gx
00194290 00000004 r secp256k1_b
00194294 00000004 r secp256k1_a
00194298 00000020 r secp256k1_p
001942b8 00000020 r secp224k1_n
001942d8 0000001c r secp224k1_gy
001942f4 0000001c r secp224k1_gx
00194310 00000004 r secp224k1_b
00194314 00000004 r secp224k1_a
00194318 0000001c r secp224k1_p
00194334 00000018 r secp192k1_n
0019434c 00000018 r secp192k1_gy
00194364 00000018 r secp192k1_gx
0019437c 00000004 r secp192k1_b
00194380 00000004 r secp192k1_a
00194384 00000018 r secp192k1_p
0019439c 00000044 r secp521r1_n
001943e0 00000044 r secp521r1_gy
00194424 00000044 r secp521r1_gx
00194468 00000044 r secp521r1_b
001944ac 00000044 r secp521r1_p
001944f0 00000030 r secp384r1_n
00194520 00000030 r secp384r1_gy
00194550 00000030 r secp384r1_gx
00194580 00000030 r secp384r1_b
001945b0 00000030 r secp384r1_p
001945e0 00000020 r secp256r1_n
00194600 00000020 r secp256r1_gy
00194620 00000020 r secp256r1_gx
00194640 00000020 r secp256r1_b
00194660 00000020 r secp256r1_p
00194680 0000001c r secp224r1_n
0019469c 0000001c r secp224r1_gy
001946b8 0000001c r secp224r1_gx
001946d4 0000001c r secp224r1_b
001946f0 00000020 r secp224r1_p
00194710 00000018 r secp192r1_n
00194728 00000018 r secp192r1_gy
00194740 00000018 r secp192r1_gx
00194758 00000018 r secp192r1_b
00194770 00000018 r secp192r1_p
00194788 00000080 r last4
0019483c 0000001c r CSWTCH.2
00194858 00000020 r supported_digests
00194878 00000008 R mbedtls_sha512_info
00194880 00000008 R mbedtls_sha384_info
00194888 00000008 R mbedtls_sha256_info
00194890 00000008 R mbedtls_sha224_info
00194898 00000008 R mbedtls_sha1_info
001948a0 00000008 R mbedtls_ripemd160_info
001948a8 00000008 R mbedtls_md5_info
001948b0 000000a0 r oid_md_alg
00194950 000000f0 r oid_ecp_grp
00194a40 00000050 r oid_pk_alg
00194a90 00000118 r oid_sig_alg
00194ba8 00000080 r oid_ext_key_usage
00194c28 0000008c r oid_x509_ext
00194cb4 00000190 r oid_x520_attr_type
00194e44 00000010 r CSWTCH.6
00194e54 00000030 R mbedtls_ecdsa_info
00194e84 00000030 R mbedtls_eckeydh_info
00194eb4 00000030 R mbedtls_eckey_info
00194ee4 00000030 R mbedtls_rsa_info
00194f14 00000004 r memset_func
00194f18 00000040 r ripemd160_padding
00194f58 00000100 r K
00195058 00000280 r K
001952d8 00001000 r S
001962d8 00000048 r P
00196320 00000028 r transposes
00196348 000000a0 r indexes
001963e8 00000020 r shifts
00196408 00000100 r FSb4
00196508 00000100 r FSb3
00196608 00000100 r FSb2
00196708 00000100 r FSb
00196808 00000030 r SIGMA_CHARS
00196878 00000080 r distfix.0
001968f8 00000800 r lenfix.1
001970f8 00000026 r order.2
00197120 00000040 r dext.0
00197160 00000040 r dbase.1
001971a0 0000003e r lext.2
001971e0 0000003e r lbase.3
00197220 00001000 r crc_braid_table
00198220 00000400 r crc_table
00198620 00000060 R __inv_pio4
00198680 000000e0 R __sincosf_table
001988b4 00000022 r basefix.0
00198938 00000014 r fpinan.0
0019894c 00000014 r fpi.1
00198960 00000028 r tinytens
00198988 00000100 R __hexdig
00198b74 00000010 r zeroes.0
00198b84 00000010 r blanks.1
00198c80 00000010 r zeroes.0
00198c90 00000010 r blanks.1
00198ca0 00000101 R _ctype_
00198da4 0000000c r p05.0
00198db0 00000028 R __mprec_bigtens
00198dd8 000000c8 R __mprec_tens
00198f8c 00000010 r zeroes.0
00198f9c 00000010 r blanks.1
00198fac 0000006c R __action_table
00199018 0000006c R __state_table
00199084 00000100 R __chclass
0019918c 000037f8 r categories
0019c984 00000080 R dotab_stdnull
0019ca04 R __tdata_align
0019ca08 r __EH_FRAME_BEGIN__
0019ca08 R __exidx_end
0019ca08 R __exidx_start
0019d000 00000004 d stbi__l2h_gamma
0019d004 00000004 d stbi__l2h_scale
0019d008 00000019 d invalid_chunk.14
0019d024 0000000c d global_hooks
0019d030 00000008 d framerateCounter
0019d038 00000004 d framerate
0019d03c 00000004 d queueLock
0019d040 00000004 d aptChainloadDeliverArgSize
0019d044 00000004 d kCount
0019d048 00000004 d kInterval
0019d04c 00000004 d kDelay
0019d050 00000080 d soc_devoptab
0019d0d0 W __stacksize__
0019d0d4 00000004 D _impure_ptr
0019d0d8 00000200 D _impure_data
0019d2d8 00000254 D __global_locale
0019d52c 00000004 D __malloc_sbrk_base
0019d530 00000004 D __malloc_trim_threshold
0019d538 00000408 D __malloc_av_
0019d940 0000000c D __sglue
0019d94c 00000400 d _current_working_directory
0019dd50 00001000 d handles
0019ed50 0000000c d __stderr_handle
0019ed5c 0000000c d __stdout_handle
0019ed68 0000000c d __stdin_handle
0019ed74 0000008c D devoptab_list
0019ee00 00000004 d defaultDevice
0019ee0c d _GLOBAL_OFFSET_TABLE_
0019ee18 d __frame_dummy_init_array_entry
0019ee18 D __init_array_start
0019ee18 B __preinit_array_end
0019ee18 B __preinit_array_start
0019ee18 D __tdata_lma
0019ee18 D __tdata_lma_end
0019ee1c d __do_global_dtors_aux_fini_array_entry
0019ee1c D __fini_array_start
0019ee1c D __init_array_end
0019ee20 D __bss_start__
0019ee20 D __fini_array_end
0019ee20 00000760 B g_app
0019f580 00000004 b s_tbuf
0019f584 00000004 b s_file
0019f588 00000004 b s_lock
0019f58c 00000004 b s_head
0019f590 00000004 b s_count
0019f594 00009c40 b s_lines
001a91d4 00000004 b s_zip
001a91d8 00000004 b s_outer_buf
001a91dc 00000004 b s_outer_sz
001a91e0 00000004 b s_inner_buf
001a91e4 00000004 b s_man
001a91e8 00000004 b s_man_n
001a91ec 00000004 b s_spine
001a91f0 00000004 b s_spine_n
001a91f4 00000001 b s_open
001a91f8 00000200 b buf.4
001a93f8 00000004 b stbi__vertically_flip_on_load_global
001a93fc 00000004 b stbi__de_iphone_flag_global
001a9400 00000004 b stbi__unpremultiply_on_load_global
001aa000 00000004 B g_target_top
001aa004 00000004 B g_target_bottom
001aa008 00000004 B g_text_buf
001ab000 00020000 b soc_buf
001cb000 00000001 b s_detail_done
001cb004 00000008 b s_cv_wake
001cb00c 00000001 b s_cv_worker_stop
001cb010 00000004 b s_cv_lock
001cb014 00000004 b s_cv_wanted_gen
001cb018 00000200 b s_cv_url
001cb218 00000001 b s_cv_kind
001cb21c 00000004 b s_cv_entity_id
001cb220 00000001 b s_cover_ready
001cb224 00000018 b s_cover_prep
001cb23c 00000001 b s_cover_thread_ok
001cb240 00000008 b s_cover_event
001cb248 00000001 b s_loading
001cb249 00000001 b s_error
001cb24a 00000001 b s_pick_volume
001cb24c 00000004 b s_vol_idx
001cb250 00000040 b s_cover
001cb290 00000004 b s_selected
001cb294 00000001 b s_cover_loading
001cb298 00000004 b s_cover_worker
001cb29c 00000004 b s_scroll
001cb2a0 00000004 b s_spinner
001cb2a4 00000004 b s_detail_thread
001cb2a8 00000080 b s_error_msg
001cb328 00012c08 b s_detail
001ddf30 00000004 b s_lib_count
001ddf34 00000001 b s_thread_done
001ddf38 00000004 b s_selected
001ddf3c 00000004 b s_scroll
001ddf40 00000001 b s_loading
001ddf41 00000001 b s_error
001ddf44 00000004 b s_spinner
001ddf48 00000004 b s_thread
001ddf4c 00000080 b s_error_msg
001ddfcc 00001100 b s_libs
001df0d0 00000118 b s_sp
001df1e8 00000004 b s_epub_line_n
001df1ec 00000004 b s_epub_line_build_cap
001df1f0 00000004 b s_epub_line_off
001df1f4 00000004 b s_epub_line_len
001df1f8 00000001 b s_fetch_failed
001df1f9 00000001 b s_fetch_done
001df1fa 00000001 b s_pending_is_text
001df1fc 00000004 b s_pending_text_heap
001df200 00000018 b s_pending_prep
001df218 00000004 b s_pending_spread_idx
001df21c 00000004 b s_pending_side
001df220 00000004 b s_pending_src_page
001df224 00000001 b s_pending_ready
001df228 00000008 b s_page_ready_event
001df230 00000001 b s_progress_thread_running
001df234 00000004 b s_fetch_thread
001df238 0000000c b s_fetch_args
001df244 00000004 b s_spinner
001df248 00000004 b s_progress_thread
001df250 00000514 b s_progress_args
001df764 00000004 b s_epub_seg_line0
001df768 00000004 b s_epub_lines_doc
001df76c 00000001 b s_state
001df76d 00000001 b s_show_hint
001df770 00000004 b s_hint_frames
001df774 00000004 b s_pages_since_save
001df778 00000001 b s_epub_open_last_seg
001df77c 00000004 b s_zoom_i
001df780 00000008 b s_pan_x
001df788 00000008 b s_pan_y
001df790 00000080 b s_error_msg
001df810 00000004 b s_series_count
001df814 00000004 b s_total_count
001df818 00000004 b s_scroll_row
001df81c 00000004 b s_selected
001df820 00000001 b s_list_done
001df821 00000001 b s_cover_thread_done
001df824 00000018 b s_pending_prep
001df83c 00000004 b s_pending_series_idx
001df840 00000001 b s_pending_ready
001df844 00000008 b s_cover_ready_event
001df84c 00000004 b s_cover_thread
001df850 00000800 b s_series_to_pool
001e0050 00000018 b s_cover_valid_pool
001e0068 00000004 b s_cover_fetch_idx
001e006c 00000001 b s_state
001e0070 00000004 b s_spinner
001e0074 00000600 b s_cover_pool
001e0674 00000060 b s_pool_owner
001e06d4 00000004 b s_list_thread
001e06d8 00000080 b s_error_msg
001e0758 00084000 b s_series
00264758 00000400 b s_thread_token
00264b58 00000040 b s_thread_api_key
00264b98 00000001 b s_thread_ok
00264b99 00000001 b s_thread_done
00264b9a 00000001 b s_state
00264b9c 00000004 b s_spinner
00264ba0 00000100 b s_status_msg
00264ca0 00000004 b s_thread
00264ca4 00000008 b global_error
00264cac 0000000f b version.0
00264cc0 000005a8 B __C2Di_Context
00265268 00000040 b s_projTop
002652a8 00000040 b s_projBot
002652e8 00000004 b uLoc_mdlvMtx
002652ec 00000004 b uLoc_projMtx
002652f0 00000004 b s_glyphSheets
002652f4 00000004 b s_textScale
002652f8 b completed.1
002652fc b object.0
00265314 0000000c b hookCookie
00265320 000002d0 B __C3D_Context
002655f0 00000004 b frameEndCbData
002655f4 00000004 b frameEndCb
002655f8 00000008 b frameCounter
00265600 00000001 b isTopStereo
00265601 00000001 b needSwapBot
00265602 00000001 b needSwapTop
00265603 00000001 b measureGpuTime
00265604 00000001 b inSafeTransfer
00265605 00000001 b inFrame
00265608 00000010 b cpuTime
00265618 00000010 b gpuTime
00265628 0000000c b linkedTarget
00265634 00000004 b lastTarget
00265638 00000004 b firstTarget
0026563c 00000008 b C3Di_IVUnifEverDirty
00265644 000000c0 b C3Di_FVUnifEverDirty
00265704 00000018 b C3Di_ShaderFVecData
0026571c 00000002 B C3D_BoolUnifsDirty
00265720 00000008 B C3D_IVUnifDirty
00265728 000000c0 B C3D_FVUnifDirty
002657e8 00000004 B C3D_BoolUnifs
002657ec 00000020 B C3D_IVUnif
0026580c 00000c00 B C3D_FVUnif
00266410 00000008 b sLinearPool
00266418 0000000c b sAddrMap
00266428 00000008 b sVramPoolB
00266430 00000008 b sVramPoolA
00266438 0000000c b sAddrMap
00266444 00000004 b sharedFontAddr
00266448 00000004 B g_sharedFont
0026644c 00000004 b screenAlloc
00266450 00000004 b screenFree
00266454 00000002 b gfxIsDoubleBuf
00266458 00000002 b gfxCurBuf
0026645a 00000001 b gfxIsVram
0026645b 00000001 b gfxTopMode
0026645c 00000002 b gfxFramebufferFormats
00266460 00000004 b gfxBottomFramebufferMaxSize
00266464 00000004 b gfxTopFramebufferMaxSize
00266468 00000008 b gfxBottomFramebuffers
00266470 00000008 b gfxTopFramebuffers
00266478 00000001 V __ctru_speedup
0026647c 00000004 b romfs_mount_list
00266480 00000004 V __romfs_path
00266484 00000004 b arbiter
00266488 00000004 B gpuCmdBufOffset
0026648c 00000004 B gpuCmdBufSize
00266490 00000004 B gpuCmdBuf
00266494 00000004 b boundQueue
00266498 00000001 b shouldStop
00266499 00000001 b isRunning
0026649a 00000001 b isActive
0026649c 00000004 b curQueue
002664a0 00000004 b acRefCount
002664a4 00000004 b acHandle
002664a8 00000001 b flagValue.0
002664a9 00000001 b flagInit.1
002664ac 00000004 b serviceName.6
002664b0 00000001 b aptChainloadFlags
002664b1 00000001 b aptChainloadMediatype
002664b4 00000020 b aptChainloadHmac
002664d4 00000300 b aptChainloadDeliverArg
002667d8 00000008 b aptChainloadTid
002667e0 00001000 b aptParameters
002677e0 00000004 b aptFlags
002677e4 00000001 b aptHomeButtonState
002677e8 00000004 b aptMessageFuncData
002677ec 00000004 b aptMessageFunc
002677f0 0000000c b aptFirstHook
002677fc 00000001 b aptEventHandlerThreadQuit
00267800 00000004 b aptEventHandlerThread
00267804 00000008 b aptSleepEvent
0026780c 00000008 b aptReceiveEvent
00267814 00000008 b aptEvents
0026781c 00000004 b aptLockHandle
00267820 00000004 b aptRefCount
00267824 00000004 b cfguRefCount
00267828 00000004 b cfguHandle
00267830 00000080 b fsExemptArchives
002678b0 00000004 b fsuRefCount
002678b4 00000004 b fsuHandle
002678b8 00000007 b gspEventCbOneShot
002678c0 0000001c b gspEventCbData
002678dc 0000001c b gspEventCb
002678f8 00000038 b gspEvents
00267930 00000004 b gspLastEvent
00267934 00000001 b gspRunEvents
00267938 00000004 b gspEventThread
0026793c 00000004 b gspEvent
00267940 00000001 b gspGpuRight
00267941 00000001 b gspThreadId
00267944 00000004 b gspSharedMem
00267948 00000004 b gspSharedMemHandle
0026794c 00000004 b gspRefCount
00267950 00000004 b gspGpuHandle
00267954 00000001 b usingIrrst
00267958 00000004 b hidRefCount
0026795c 00000006 b gRate
00267964 00000006 b aVec
0026796c 00000004 b cPos
00267970 00000004 b tPos
00267974 00000004 b kRepeat
00267978 00000004 b kUp
0026797c 00000004 b kDown
00267980 00000004 b kHeld
00267984 00000004 b kOld
00267988 00000004 B hidSharedMem
0026798c 00000014 B hidEvents
002679a0 00000004 B hidMemHandle
002679a4 00000004 B hidHandle
002679a8 00000004 b __httpc_sharedmem_handle
002679ac 00000004 b __httpc_sharedmem_size
002679b0 00000004 B __httpc_sharedmem_addr
002679b4 00000004 b __httpc_refcount
002679b8 00000004 B __httpc_servhandle
002679bc 00000004 b irrstRefCount
002679c0 00000004 b csPos
002679c4 00000004 b kHeld
002679c8 00000004 B irrstSharedMem
002679cc 00000004 B irrstEvent
002679d0 00000004 B irrstMemHandle
002679d4 00000004 B irrstHandle
002679d8 00000004 b ptmSysmRefCount
002679dc 00000004 b ptmSysmHandle
002679e0 00001a88 b outbuf.0
00269468 00000004 b SOC_hostent_alias
0026946c 00000044 b SOC_hostent_results
002694b0 00000010 b SOC_hostent
002694c0 00000004 b swkbdSharedMemHandle
002694c4 00000004 b swkbdSharedMem
002694c8 00000004 V __ctru_linear_heap_size
002694cc 00000004 V __ctru_heap_size
002694d0 00000004 B __ctru_linear_heap
002694d4 00000004 B __ctru_heap
002694d8 00000004 B __system_retAddr
002694dc 00000004 B __system_argv
002694e0 00000004 B __system_argc
002694e4 b saved_stack
002694ec 00000004 B __3dslink_host
002694f0 00000004 b srvRefCount
002694f4 00000004 b srvHandle
002694f8 00000004 b currentAddr
002694fc 00000004 b maxAddr
00269500 00000004 b minAddr
00269504 00000004 b srvPmHandle
00269508 00000004 B h_errno
0026950c 00000004 B socMemhandle
00269510 00000004 B SOCU_handle
00269518 000005c0 b archive_devices
00269ad8 00000004 b archive_device_cwd
00269adc 00000001 b archive_initialized
00269ae0 00000004 b debug_threshold
00269ae4 00000004 b supported_init
00269ae8 00000250 b supported_ciphersuites
00269d38 00000004 b init_done.0
00269d3c 0000000e b ecp_supported_grp_id
00269d4c 00000004 b aes_init_done
00269d50 00000028 b round_constants
00269d78 00000400 b RT3
0026a178 00000400 b RT2
0026a578 00000400 b RT1
0026a978 00000400 b RT0
0026ad78 00000100 b RSb
0026ae78 00000400 b FT3
0026b278 00000400 b FT2
0026b678 00000400 b FT1
0026ba78 00000400 b FT0
0026be78 00000100 b FSb
0026bf78 00000004 B __sslc_servhandle
0026bf7c 00000028 B __malloc_current_mallinfo
0026bfa4 00000004 B __malloc_max_total_mem
0026bfa8 00000004 B __malloc_max_sbrked_mem
0026bfac 00000004 B __malloc_top_pad
0026bfb0 0000000c b __sfp_recursive_mutex
0026bfc0 00000168 B __sf
0026c128 00000004 B __stdio_exit_handler
0026c12c 0000000c b __malloc_recursive_mutex
0026c138 00000400 b temp_cwd
0026c538 00000004 b __hndl_lock
0026c53c 00000004 B fake_heap_start
0026c540 00000004 B fake_heap_end
0026c544 00000004 b heap_start.0
0026c548 B __tls_start
0026d16c B __bss_end__
0026d16c A __end__
0026d16c B __tls_end
